[debug] [2021-07-21T11:04:17.601Z] ----------------------------------------------------------------------
[debug] [2021-07-21T11:04:17.603Z] Command:       C:\Program Files\nodejs\node.exe C:\Users\Raghvendra Mishra\AppData\Roaming\npm\node_modules\firebase-tools\lib\bin\firebase.js emulators:start
[debug] [2021-07-21T11:04:17.604Z] CLI Version:   9.16.0
[debug] [2021-07-21T11:04:17.604Z] Platform:      win32
[debug] [2021-07-21T11:04:17.604Z] Node Version:  v14.17.0
[debug] [2021-07-21T11:04:17.605Z] Time:          Wed Jul 21 2021 16:34:17 GMT+0530 (India Standard Time)
[debug] [2021-07-21T11:04:17.605Z] ----------------------------------------------------------------------
[debug] 
[debug] [2021-07-21T11:04:17.663Z] > command requires scopes: ["email","openid","https://www.googleapis.com/auth/cloudplatformprojects.readonly","https://www.googleapis.com/auth/firebase","https://www.googleapis.com/auth/cloud-platform"]
[debug] [2021-07-21T11:04:17.663Z] > authorizing via signed-in user (raghvendram396@gmail.com)
[info] i  emulators: Starting emulators: functions, hosting {"metadata":{"emulator":{"name":"hub"},"message":"Starting emulators: functions, hosting"}}
[debug] [2021-07-21T11:04:17.683Z] [hub] writing locator at C:\Users\RAGHVE~1\AppData\Local\Temp\hub-challenge-16684.json
[warn] !  functions: The following emulators are not running, calls to these services from the Functions emulator will affect production: auth, firestore, database, pubsub, storage {"metadata":{"emulator":{"name":"functions"},"message":"The following emulators are not running, calls to these services from the Functions emulator will affect production: \u001b[1mauth, firestore, database, pubsub, storage\u001b[22m"}}
[info] +  functions: Using node@14 from host. {"metadata":{"emulator":{"name":"functions"},"message":"Using node@14 from host."}}
[debug] [2021-07-21T11:04:17.763Z] defaultcredentials: writing to file C:\Users\Raghvendra Mishra\AppData\Roaming\firebase\raghvendram396_gmail_com_application_default_credentials.json
[debug] [2021-07-21T11:04:17.766Z] Setting GAC to C:\Users\Raghvendra Mishra\AppData\Roaming\firebase\raghvendram396_gmail_com_application_default_credentials.json {"metadata":{"emulator":{"name":"functions"},"message":"Setting GAC to C:\\Users\\Raghvendra Mishra\\AppData\\Roaming\\firebase\\raghvendram396_gmail_com_application_default_credentials.json"}}
[debug] [2021-07-21T11:04:17.769Z] >>> [apiv2][query] GET https://firebase.googleapis.com/v1beta1/projects/challenge-16684/adminSdkConfig [none]
[debug] [2021-07-21T11:04:18.813Z] <<< [apiv2][status] GET https://firebase.googleapis.com/v1beta1/projects/challenge-16684/adminSdkConfig 200
[debug] [2021-07-21T11:04:18.813Z] <<< [apiv2][body] GET https://firebase.googleapis.com/v1beta1/projects/challenge-16684/adminSdkConfig {"projectId":"challenge-16684","storageBucket":"challenge-16684.appspot.com","locationId":"us-central"}
[debug] [2021-07-21T11:04:18.830Z] >>> [apiv2][query] GET https://firebasehosting.googleapis.com/v1beta1/projects/challenge-16684/sites 
[debug] [2021-07-21T11:04:21.050Z] <<< [apiv2][status] GET https://firebasehosting.googleapis.com/v1beta1/projects/challenge-16684/sites 200
[debug] [2021-07-21T11:04:21.050Z] <<< [apiv2][body] GET https://firebasehosting.googleapis.com/v1beta1/projects/challenge-16684/sites {"sites":[{"name":"projects/803980992274/sites/challenge-16684","defaultUrl":"https://challenge-16684.web.app","appId":"1:803980992274:web:09e78897ac5989a22a1dcb","type":"DEFAULT_SITE"}]}
[debug] [2021-07-21T11:04:21.051Z] >>> [apiv2][query] GET https://firebase.googleapis.com/v1beta1/projects/challenge-16684/webApps/1:803980992274:web:09e78897ac5989a22a1dcb/config [none]
[debug] [2021-07-21T11:04:22.655Z] <<< [apiv2][status] GET https://firebase.googleapis.com/v1beta1/projects/challenge-16684/webApps/1:803980992274:web:09e78897ac5989a22a1dcb/config 200
[debug] [2021-07-21T11:04:22.655Z] <<< [apiv2][body] GET https://firebase.googleapis.com/v1beta1/projects/challenge-16684/webApps/1:803980992274:web:09e78897ac5989a22a1dcb/config {"projectId":"challenge-16684","appId":"1:803980992274:web:09e78897ac5989a22a1dcb","storageBucket":"challenge-16684.appspot.com","locationId":"us-central","apiKey":"AIzaSyBDzSP25nqSjTilY4gMc8ELw8Rd4qlrMH8","authDomain":"challenge-16684.firebaseapp.com","messagingSenderId":"803980992274","measurementId":"G-ZTGYCLKFNS"}
[info] i  hosting: Serving hosting files from: build {"metadata":{"emulator":{"name":"hosting"},"message":"Serving hosting files from: \u001b[1mbuild\u001b[22m"}}
[info] +  hosting: Local server: http://localhost:5000 {"metadata":{"emulator":{"name":"hosting"},"message":"Local server: \u001b[4m\u001b[1mhttp://localhost:5000\u001b[22m\u001b[24m"}}
[debug] [2021-07-21T11:04:22.698Z] Ignoring unsupported arg: auto_download {"metadata":{"emulator":{"name":"ui"},"message":"Ignoring unsupported arg: auto_download"}}
[debug] [2021-07-21T11:04:22.698Z] Ignoring unsupported arg: port {"metadata":{"emulator":{"name":"ui"},"message":"Ignoring unsupported arg: port"}}
[debug] [2021-07-21T11:04:22.699Z] Starting Emulator UI with command {"binary":"node","args":["C:\\Users\\Raghvendra Mishra\\.cache\\firebase\\emulators\\ui-v1.6.0\\server.bundle.js"],"optionalArgs":[],"joinArgs":false} {"metadata":{"emulator":{"name":"ui"},"message":"Starting Emulator UI with command {\"binary\":\"node\",\"args\":[\"C:\\\\Users\\\\Raghvendra Mishra\\\\.cache\\\\firebase\\\\emulators\\\\ui-v1.6.0\\\\server.bundle.js\"],\"optionalArgs\":[],\"joinArgs\":false}"}}
[info] i  ui: Emulator UI logging to ui-debug.log {"metadata":{"emulator":{"name":"ui"},"message":"Emulator UI logging to \u001b[1mui-debug.log\u001b[22m"}}
[debug] [2021-07-21T11:04:22.802Z] Web / API server started at localhost:4000
 {"metadata":{"emulator":{"name":"ui"},"message":"Web / API server started at localhost:4000\n"}}
[info] i  functions: Watching "C:\Users\Raghvendra Mishra\Desktop\Amazon Clone\amazon-clone\functions" for Cloud Functions... {"metadata":{"emulator":{"name":"functions"},"message":"Watching \"C:\\Users\\Raghvendra Mishra\\Desktop\\Amazon Clone\\amazon-clone\\functions\" for Cloud Functions..."}}
[debug] [2021-07-21T11:04:22.977Z] [worker-pool] addWorker(~diagnostic~) {"metadata":{"emulator":{"name":"functions"},"message":"[worker-pool] addWorker(~diagnostic~)"}}
[debug] [2021-07-21T11:04:22.977Z] [worker-pool] Adding worker with key ~diagnostic~, total=1 {"metadata":{"emulator":{"name":"functions"},"message":"[worker-pool] Adding worker with key ~diagnostic~, total=1"}}
[debug] [2021-07-21T11:04:22.977Z] [worker-pool] submitWork(triggerId=) {"metadata":{"emulator":{"name":"functions"},"message":"[worker-pool] submitWork(triggerId=)"}}
[debug] [2021-07-21T11:04:22.978Z] [worker-~diagnostic~-cd60e45f-b13d-4dd1-a61a-0330364908f0]: Assigning socketPath: \\?\pipe\C:\Users\Raghvendra Mishra\Desktop\Amazon Clone\amazon-clone\functions\15584 {"metadata":{"emulator":{"name":"functions"},"message":"[worker-~diagnostic~-cd60e45f-b13d-4dd1-a61a-0330364908f0]: Assigning socketPath: \\\\?\\pipe\\C:\\Users\\Raghvendra Mishra\\Desktop\\Amazon Clone\\amazon-clone\\functions\\15584"}}
[debug] [2021-07-21T11:04:22.978Z] [worker-~diagnostic~-cd60e45f-b13d-4dd1-a61a-0330364908f0]: BUSY {"metadata":{"emulator":{"name":"functions"},"message":"[worker-~diagnostic~-cd60e45f-b13d-4dd1-a61a-0330364908f0]: BUSY"}}
[debug] [2021-07-21T11:04:23.185Z] [runtime-status] [15584] Functions runtime initialized. {"cwd":"C:\\Users\\Raghvendra Mishra\\Desktop\\Amazon Clone\\amazon-clone\\functions","node_version":"14.17.0"} {"metadata":{"emulator":{"name":"functions"},"message":"[runtime-status] [15584] Functions runtime initialized. {\"cwd\":\"C:\\\\Users\\\\Raghvendra Mishra\\\\Desktop\\\\Amazon Clone\\\\amazon-clone\\\\functions\",\"node_version\":\"14.17.0\"}"}}
[debug] [2021-07-21T11:04:23.185Z] [runtime-status] [15584] Disabled runtime features: undefined {"metadata":{"emulator":{"name":"functions"},"message":"[runtime-status] [15584] Disabled runtime features: undefined"}}
[debug] [2021-07-21T11:04:23.189Z] [runtime-status] [15584] Resolved module firebase-admin {"declared":true,"installed":true,"version":"9.11.0","resolution":"C:\\Users\\Raghvendra Mishra\\Desktop\\Amazon Clone\\amazon-clone\\functions\\node_modules\\firebase-admin\\lib\\index.js"} {"metadata":{"emulator":{"name":"functions"},"message":"[runtime-status] [15584] Resolved module firebase-admin {\"declared\":true,\"installed\":true,\"version\":\"9.11.0\",\"resolution\":\"C:\\\\Users\\\\Raghvendra Mishra\\\\Desktop\\\\Amazon Clone\\\\amazon-clone\\\\functions\\\\node_modules\\\\firebase-admin\\\\lib\\\\index.js\"}"}}
[debug] [2021-07-21T11:04:23.190Z] [runtime-status] [15584] Resolved module firebase-functions {"declared":true,"installed":true,"version":"3.14.1","resolution":"C:\\Users\\Raghvendra Mishra\\Desktop\\Amazon Clone\\amazon-clone\\functions\\node_modules\\firebase-functions\\lib\\index.js"} {"metadata":{"emulator":{"name":"functions"},"message":"[runtime-status] [15584] Resolved module firebase-functions {\"declared\":true,\"installed\":true,\"version\":\"3.14.1\",\"resolution\":\"C:\\\\Users\\\\Raghvendra Mishra\\\\Desktop\\\\Amazon Clone\\\\amazon-clone\\\\functions\\\\node_modules\\\\firebase-functions\\\\lib\\\\index.js\"}"}}
[debug] [2021-07-21T11:04:23.192Z] [runtime-status] [15584] Resolved module firebase-functions {"declared":true,"installed":true,"version":"3.14.1","resolution":"C:\\Users\\Raghvendra Mishra\\Desktop\\Amazon Clone\\amazon-clone\\functions\\node_modules\\firebase-functions\\lib\\index.js"} {"metadata":{"emulator":{"name":"functions"},"message":"[runtime-status] [15584] Resolved module firebase-functions {\"declared\":true,\"installed\":true,\"version\":\"3.14.1\",\"resolution\":\"C:\\\\Users\\\\Raghvendra Mishra\\\\Desktop\\\\Amazon Clone\\\\amazon-clone\\\\functions\\\\node_modules\\\\firebase-functions\\\\lib\\\\index.js\"}"}}
[debug] [2021-07-21T11:04:23.193Z] [runtime-status] [15584] Outgoing network have been stubbed. [{"name":"http","status":"mocked"},{"name":"http","status":"mocked"},{"name":"https","status":"mocked"},{"name":"https","status":"mocked"},{"name":"net","status":"mocked"}] {"metadata":{"emulator":{"name":"functions"},"message":"[runtime-status] [15584] Outgoing network have been stubbed. [{\"name\":\"http\",\"status\":\"mocked\"},{\"name\":\"http\",\"status\":\"mocked\"},{\"name\":\"https\",\"status\":\"mocked\"},{\"name\":\"https\",\"status\":\"mocked\"},{\"name\":\"net\",\"status\":\"mocked\"}]"}}
[debug] [2021-07-21T11:04:23.194Z] [runtime-status] [15584] Resolved module firebase-functions {"declared":true,"installed":true,"version":"3.14.1","resolution":"C:\\Users\\Raghvendra Mishra\\Desktop\\Amazon Clone\\amazon-clone\\functions\\node_modules\\firebase-functions\\lib\\index.js"} {"metadata":{"emulator":{"name":"functions"},"message":"[runtime-status] [15584] Resolved module firebase-functions {\"declared\":true,\"installed\":true,\"version\":\"3.14.1\",\"resolution\":\"C:\\\\Users\\\\Raghvendra Mishra\\\\Desktop\\\\Amazon Clone\\\\amazon-clone\\\\functions\\\\node_modules\\\\firebase-functions\\\\lib\\\\index.js\"}"}}
[debug] [2021-07-21T11:04:23.240Z] [runtime-status] [15584] Checked functions.config() {"config":{}} {"metadata":{"emulator":{"name":"functions"},"message":"[runtime-status] [15584] Checked functions.config() {\"config\":{}}"}}
[debug] [2021-07-21T11:04:23.240Z] [runtime-status] [15584] firebase-functions has been stubbed. {"functionsResolution":{"declared":true,"installed":true,"version":"3.14.1","resolution":"C:\\Users\\Raghvendra Mishra\\Desktop\\Amazon Clone\\amazon-clone\\functions\\node_modules\\firebase-functions\\lib\\index.js"}} {"metadata":{"emulator":{"name":"functions"},"message":"[runtime-status] [15584] firebase-functions has been stubbed. {\"functionsResolution\":{\"declared\":true,\"installed\":true,\"version\":\"3.14.1\",\"resolution\":\"C:\\\\Users\\\\Raghvendra Mishra\\\\Desktop\\\\Amazon Clone\\\\amazon-clone\\\\functions\\\\node_modules\\\\firebase-functions\\\\lib\\\\index.js\"}}"}}
[debug] [2021-07-21T11:04:23.241Z] [runtime-status] [15584] Resolved module firebase-functions {"declared":true,"installed":true,"version":"3.14.1","resolution":"C:\\Users\\Raghvendra Mishra\\Desktop\\Amazon Clone\\amazon-clone\\functions\\node_modules\\firebase-functions\\lib\\index.js"} {"metadata":{"emulator":{"name":"functions"},"message":"[runtime-status] [15584] Resolved module firebase-functions {\"declared\":true,\"installed\":true,\"version\":\"3.14.1\",\"resolution\":\"C:\\\\Users\\\\Raghvendra Mishra\\\\Desktop\\\\Amazon Clone\\\\amazon-clone\\\\functions\\\\node_modules\\\\firebase-functions\\\\lib\\\\index.js\"}"}}
[debug] [2021-07-21T11:04:23.242Z] [runtime-status] [15584] Resolved module firebase-admin {"declared":true,"installed":true,"version":"9.11.0","resolution":"C:\\Users\\Raghvendra Mishra\\Desktop\\Amazon Clone\\amazon-clone\\functions\\node_modules\\firebase-admin\\lib\\index.js"} {"metadata":{"emulator":{"name":"functions"},"message":"[runtime-status] [15584] Resolved module firebase-admin {\"declared\":true,\"installed\":true,\"version\":\"9.11.0\",\"resolution\":\"C:\\\\Users\\\\Raghvendra Mishra\\\\Desktop\\\\Amazon Clone\\\\amazon-clone\\\\functions\\\\node_modules\\\\firebase-admin\\\\lib\\\\index.js\"}"}}
[debug] [2021-07-21T11:04:23.242Z] [runtime-status] [15584] Resolved module firebase-functions {"declared":true,"installed":true,"version":"3.14.1","resolution":"C:\\Users\\Raghvendra Mishra\\Desktop\\Amazon Clone\\amazon-clone\\functions\\node_modules\\firebase-functions\\lib\\index.js"} {"metadata":{"emulator":{"name":"functions"},"message":"[runtime-status] [15584] Resolved module firebase-functions {\"declared\":true,\"installed\":true,\"version\":\"3.14.1\",\"resolution\":\"C:\\\\Users\\\\Raghvendra Mishra\\\\Desktop\\\\Amazon Clone\\\\amazon-clone\\\\functions\\\\node_modules\\\\firebase-functions\\\\lib\\\\index.js\"}"}}
[debug] [2021-07-21T11:04:23.242Z] [runtime-status] [15584] firebase-admin has been stubbed. {"adminResolution":{"declared":true,"installed":true,"version":"9.11.0","resolution":"C:\\Users\\Raghvendra Mishra\\Desktop\\Amazon Clone\\amazon-clone\\functions\\node_modules\\firebase-admin\\lib\\index.js"}} {"metadata":{"emulator":{"name":"functions"},"message":"[runtime-status] [15584] firebase-admin has been stubbed. {\"adminResolution\":{\"declared\":true,\"installed\":true,\"version\":\"9.11.0\",\"resolution\":\"C:\\\\Users\\\\Raghvendra Mishra\\\\Desktop\\\\Amazon Clone\\\\amazon-clone\\\\functions\\\\node_modules\\\\firebase-admin\\\\lib\\\\index.js\"}}"}}
[info] +  functions[us-central1-api]: http function initialized (http://localhost:5001/challenge-16684/us-central1/api). {"metadata":{"emulator":{"name":"functions"},"message":"\u001b[1mhttp\u001b[22m function initialized (http://localhost:5001/challenge-16684/us-central1/api)."}}
[info] 
┌─────────────────────────────────────────────────────────────┐
│ ✔  All emulators ready! It is now safe to connect your app. │
│ i  View Emulator UI at http://localhost:4000                │
└─────────────────────────────────────────────────────────────┘

┌───────────┬────────────────┬─────────────────────────────────┐
│ Emulator  │ Host:Port      │ View in Emulator UI             │
├───────────┼────────────────┼─────────────────────────────────┤
│ Functions │ localhost:5001 │ http://localhost:4000/functions │
├───────────┼────────────────┼─────────────────────────────────┤
│ Hosting   │ localhost:5000 │ n/a                             │
└───────────┴────────────────┴─────────────────────────────────┘
  Emulator Hub running at localhost:4400
  Other reserved ports: 4500

Issues? Report them at https://github.com/firebase/firebase-tools/issues and attach the *-debug.log files.
 
[debug] [2021-07-21T11:04:23.402Z] [worker-~diagnostic~-cd60e45f-b13d-4dd1-a61a-0330364908f0]: IDLE {"metadata":{"emulator":{"name":"functions"},"message":"[worker-~diagnostic~-cd60e45f-b13d-4dd1-a61a-0330364908f0]: IDLE"}}
[debug] [2021-07-21T11:04:29.899Z] [work-queue] {"queueLength":1,"workRunningCount":0}
[debug] [2021-07-21T11:04:29.900Z] [work-queue] {"queueLength":0,"workRunningCount":1}
[debug] [2021-07-21T11:04:29.901Z] Accepted request POST /challenge-16684/us-central1/api/payments/create?total=299900 --> us-central1-api
[debug] [2021-07-21T11:04:29.910Z] [worker-pool] addWorker(us-central1-api) {"metadata":{"emulator":{"name":"functions"},"message":"[worker-pool] addWorker(us-central1-api)"}}
[debug] [2021-07-21T11:04:29.910Z] [worker-pool] Adding worker with key us-central1-api, total=1 {"metadata":{"emulator":{"name":"functions"},"message":"[worker-pool] Adding worker with key us-central1-api, total=1"}}
[debug] [2021-07-21T11:04:29.911Z] [worker-pool] submitWork(triggerId=us-central1-api) {"metadata":{"emulator":{"name":"functions"},"message":"[worker-pool] submitWork(triggerId=us-central1-api)"}}
[debug] [2021-07-21T11:04:29.911Z] [worker-us-central1-api-133f5fff-c92d-4ea4-b703-ec1dc12e3cf1]: Assigning socketPath: \\?\pipe\C:\Users\Raghvendra Mishra\Desktop\Amazon Clone\amazon-clone\functions\15924 {"metadata":{"emulator":{"name":"functions"},"message":"[worker-us-central1-api-133f5fff-c92d-4ea4-b703-ec1dc12e3cf1]: Assigning socketPath: \\\\?\\pipe\\C:\\Users\\Raghvendra Mishra\\Desktop\\Amazon Clone\\amazon-clone\\functions\\15924"}}
[debug] [2021-07-21T11:04:29.911Z] [worker-us-central1-api-133f5fff-c92d-4ea4-b703-ec1dc12e3cf1]: BUSY {"metadata":{"emulator":{"name":"functions"},"message":"[worker-us-central1-api-133f5fff-c92d-4ea4-b703-ec1dc12e3cf1]: BUSY"}}
[debug] [2021-07-21T11:04:30.095Z] [runtime-status] [15924] Functions runtime initialized. {"cwd":"C:\\Users\\Raghvendra Mishra\\Desktop\\Amazon Clone\\amazon-clone\\functions","node_version":"14.17.0"} {"metadata":{"emulator":{"name":"functions"},"function":{"name":"us-central1-api"},"message":"[runtime-status] [15924] Functions runtime initialized. {\"cwd\":\"C:\\\\Users\\\\Raghvendra Mishra\\\\Desktop\\\\Amazon Clone\\\\amazon-clone\\\\functions\",\"node_version\":\"14.17.0\"}"}}
[debug] [2021-07-21T11:04:30.096Z] [runtime-status] [15924] Disabled runtime features: undefined {"metadata":{"emulator":{"name":"functions"},"function":{"name":"us-central1-api"},"message":"[runtime-status] [15924] Disabled runtime features: undefined"}}
[debug] [2021-07-21T11:04:30.099Z] [runtime-status] [15924] Resolved module firebase-admin {"declared":true,"installed":true,"version":"9.11.0","resolution":"C:\\Users\\Raghvendra Mishra\\Desktop\\Amazon Clone\\amazon-clone\\functions\\node_modules\\firebase-admin\\lib\\index.js"} {"metadata":{"emulator":{"name":"functions"},"function":{"name":"us-central1-api"},"message":"[runtime-status] [15924] Resolved module firebase-admin {\"declared\":true,\"installed\":true,\"version\":\"9.11.0\",\"resolution\":\"C:\\\\Users\\\\Raghvendra Mishra\\\\Desktop\\\\Amazon Clone\\\\amazon-clone\\\\functions\\\\node_modules\\\\firebase-admin\\\\lib\\\\index.js\"}"}}
[debug] [2021-07-21T11:04:30.100Z] [runtime-status] [15924] Resolved module firebase-functions {"declared":true,"installed":true,"version":"3.14.1","resolution":"C:\\Users\\Raghvendra Mishra\\Desktop\\Amazon Clone\\amazon-clone\\functions\\node_modules\\firebase-functions\\lib\\index.js"} {"metadata":{"emulator":{"name":"functions"},"function":{"name":"us-central1-api"},"message":"[runtime-status] [15924] Resolved module firebase-functions {\"declared\":true,\"installed\":true,\"version\":\"3.14.1\",\"resolution\":\"C:\\\\Users\\\\Raghvendra Mishra\\\\Desktop\\\\Amazon Clone\\\\amazon-clone\\\\functions\\\\node_modules\\\\firebase-functions\\\\lib\\\\index.js\"}"}}
[debug] [2021-07-21T11:04:30.101Z] [runtime-status] [15924] Resolved module firebase-functions {"declared":true,"installed":true,"version":"3.14.1","resolution":"C:\\Users\\Raghvendra Mishra\\Desktop\\Amazon Clone\\amazon-clone\\functions\\node_modules\\firebase-functions\\lib\\index.js"} {"metadata":{"emulator":{"name":"functions"},"function":{"name":"us-central1-api"},"message":"[runtime-status] [15924] Resolved module firebase-functions {\"declared\":true,\"installed\":true,\"version\":\"3.14.1\",\"resolution\":\"C:\\\\Users\\\\Raghvendra Mishra\\\\Desktop\\\\Amazon Clone\\\\amazon-clone\\\\functions\\\\node_modules\\\\firebase-functions\\\\lib\\\\index.js\"}"}}
[debug] [2021-07-21T11:04:30.103Z] [runtime-status] [15924] Outgoing network have been stubbed. [{"name":"http","status":"mocked"},{"name":"http","status":"mocked"},{"name":"https","status":"mocked"},{"name":"https","status":"mocked"},{"name":"net","status":"mocked"}] {"metadata":{"emulator":{"name":"functions"},"function":{"name":"us-central1-api"},"message":"[runtime-status] [15924] Outgoing network have been stubbed. [{\"name\":\"http\",\"status\":\"mocked\"},{\"name\":\"http\",\"status\":\"mocked\"},{\"name\":\"https\",\"status\":\"mocked\"},{\"name\":\"https\",\"status\":\"mocked\"},{\"name\":\"net\",\"status\":\"mocked\"}]"}}
[debug] [2021-07-21T11:04:30.103Z] [runtime-status] [15924] Resolved module firebase-functions {"declared":true,"installed":true,"version":"3.14.1","resolution":"C:\\Users\\Raghvendra Mishra\\Desktop\\Amazon Clone\\amazon-clone\\functions\\node_modules\\firebase-functions\\lib\\index.js"} {"metadata":{"emulator":{"name":"functions"},"function":{"name":"us-central1-api"},"message":"[runtime-status] [15924] Resolved module firebase-functions {\"declared\":true,\"installed\":true,\"version\":\"3.14.1\",\"resolution\":\"C:\\\\Users\\\\Raghvendra Mishra\\\\Desktop\\\\Amazon Clone\\\\amazon-clone\\\\functions\\\\node_modules\\\\firebase-functions\\\\lib\\\\index.js\"}"}}
[debug] [2021-07-21T11:04:30.142Z] [runtime-status] [15924] Checked functions.config() {"config":{}} {"metadata":{"emulator":{"name":"functions"},"function":{"name":"us-central1-api"},"message":"[runtime-status] [15924] Checked functions.config() {\"config\":{}}"}}
[debug] [2021-07-21T11:04:30.142Z] [runtime-status] [15924] firebase-functions has been stubbed. {"functionsResolution":{"declared":true,"installed":true,"version":"3.14.1","resolution":"C:\\Users\\Raghvendra Mishra\\Desktop\\Amazon Clone\\amazon-clone\\functions\\node_modules\\firebase-functions\\lib\\index.js"}} {"metadata":{"emulator":{"name":"functions"},"function":{"name":"us-central1-api"},"message":"[runtime-status] [15924] firebase-functions has been stubbed. {\"functionsResolution\":{\"declared\":true,\"installed\":true,\"version\":\"3.14.1\",\"resolution\":\"C:\\\\Users\\\\Raghvendra Mishra\\\\Desktop\\\\Amazon Clone\\\\amazon-clone\\\\functions\\\\node_modules\\\\firebase-functions\\\\lib\\\\index.js\"}}"}}
[debug] [2021-07-21T11:04:30.143Z] [runtime-status] [15924] Resolved module firebase-functions {"declared":true,"installed":true,"version":"3.14.1","resolution":"C:\\Users\\Raghvendra Mishra\\Desktop\\Amazon Clone\\amazon-clone\\functions\\node_modules\\firebase-functions\\lib\\index.js"} {"metadata":{"emulator":{"name":"functions"},"function":{"name":"us-central1-api"},"message":"[runtime-status] [15924] Resolved module firebase-functions {\"declared\":true,\"installed\":true,\"version\":\"3.14.1\",\"resolution\":\"C:\\\\Users\\\\Raghvendra Mishra\\\\Desktop\\\\Amazon Clone\\\\amazon-clone\\\\functions\\\\node_modules\\\\firebase-functions\\\\lib\\\\index.js\"}"}}
[debug] [2021-07-21T11:04:30.144Z] [runtime-status] [15924] Resolved module firebase-admin {"declared":true,"installed":true,"version":"9.11.0","resolution":"C:\\Users\\Raghvendra Mishra\\Desktop\\Amazon Clone\\amazon-clone\\functions\\node_modules\\firebase-admin\\lib\\index.js"} {"metadata":{"emulator":{"name":"functions"},"function":{"name":"us-central1-api"},"message":"[runtime-status] [15924] Resolved module firebase-admin {\"declared\":true,\"installed\":true,\"version\":\"9.11.0\",\"resolution\":\"C:\\\\Users\\\\Raghvendra Mishra\\\\Desktop\\\\Amazon Clone\\\\amazon-clone\\\\functions\\\\node_modules\\\\firebase-admin\\\\lib\\\\index.js\"}"}}
[debug] [2021-07-21T11:04:30.144Z] [runtime-status] [15924] Resolved module firebase-functions {"declared":true,"installed":true,"version":"3.14.1","resolution":"C:\\Users\\Raghvendra Mishra\\Desktop\\Amazon Clone\\amazon-clone\\functions\\node_modules\\firebase-functions\\lib\\index.js"} {"metadata":{"emulator":{"name":"functions"},"function":{"name":"us-central1-api"},"message":"[runtime-status] [15924] Resolved module firebase-functions {\"declared\":true,\"installed\":true,\"version\":\"3.14.1\",\"resolution\":\"C:\\\\Users\\\\Raghvendra Mishra\\\\Desktop\\\\Amazon Clone\\\\amazon-clone\\\\functions\\\\node_modules\\\\firebase-functions\\\\lib\\\\index.js\"}"}}
[debug] [2021-07-21T11:04:30.144Z] [runtime-status] [15924] firebase-admin has been stubbed. {"adminResolution":{"declared":true,"installed":true,"version":"9.11.0","resolution":"C:\\Users\\Raghvendra Mishra\\Desktop\\Amazon Clone\\amazon-clone\\functions\\node_modules\\firebase-admin\\lib\\index.js"}} {"metadata":{"emulator":{"name":"functions"},"function":{"name":"us-central1-api"},"message":"[runtime-status] [15924] firebase-admin has been stubbed. {\"adminResolution\":{\"declared\":true,\"installed\":true,\"version\":\"9.11.0\",\"resolution\":\"C:\\\\Users\\\\Raghvendra Mishra\\\\Desktop\\\\Amazon Clone\\\\amazon-clone\\\\functions\\\\node_modules\\\\firebase-admin\\\\lib\\\\index.js\"}}"}}
[debug] [2021-07-21T11:04:30.281Z] [runtime-status] [15924] Trigger "us-central1-api" has been found, beginning invocation! {"metadata":{"emulator":{"name":"functions"},"function":{"name":"us-central1-api"},"message":"[runtime-status] [15924] Trigger \"us-central1-api\" has been found, beginning invocation!"}}
[info] i  functions: Beginning execution of "us-central1-api" {"metadata":{"emulator":{"name":"functions"},"function":{"name":"us-central1-api"},"message":"Beginning execution of \"us-central1-api\""}}
[debug] [2021-07-21T11:04:30.282Z] [runtime-status] [15924] triggerDefinition {"httpsTrigger":{},"name":"api","entryPoint":"api","regions":["us-central1"],"region":"us-central1","id":"us-central1-api"} {"metadata":{"emulator":{"name":"functions"},"function":{"name":"us-central1-api"},"message":"[runtime-status] [15924] triggerDefinition {\"httpsTrigger\":{},\"name\":\"api\",\"entryPoint\":\"api\",\"regions\":[\"us-central1\"],\"region\":\"us-central1\",\"id\":\"us-central1-api\"}"}}
[debug] [2021-07-21T11:04:30.282Z] [runtime-status] [15924] Running us-central1-api in mode HTTPS {"metadata":{"emulator":{"name":"functions"},"function":{"name":"us-central1-api"},"message":"[runtime-status] [15924] Running us-central1-api in mode HTTPS"}}
[debug] [2021-07-21T11:04:30.285Z] [runtime-status] [15924] Attempting to listen to socketPath: \\?\pipe\C:\Users\Raghvendra Mishra\Desktop\Amazon Clone\amazon-clone\functions\15924 {"metadata":{"emulator":{"name":"functions"},"function":{"name":"us-central1-api"},"message":"[runtime-status] [15924] Attempting to listen to socketPath: \\\\?\\pipe\\C:\\Users\\Raghvendra Mishra\\Desktop\\Amazon Clone\\amazon-clone\\functions\\15924"}}
[debug] [2021-07-21T11:04:30.288Z] [functions] Runtime ready! Sending request! {"metadata":{"emulator":{"name":"functions"},"message":"[functions] Runtime ready! Sending request!"}}
[debug] [2021-07-21T11:04:30.289Z] [functions] Got req.url=/challenge-16684/us-central1/api/payments/create?total=299900, mapping to path=/payments/create?total=299900 {"metadata":{"emulator":{"name":"functions"},"message":"[functions] Got req.url=/challenge-16684/us-central1/api/payments/create?total=299900, mapping to path=/payments/create?total=299900"}}
[debug] [2021-07-21T11:04:30.299Z] [runtime-status] [15924] Ephemeral server handling POST request {"metadata":{"emulator":{"name":"functions"},"function":{"name":"us-central1-api"},"message":"[runtime-status] [15924] Ephemeral server handling POST request"}}
[info] >  Payment Request Received... 299900 {"user":"Payment Request Received... 299900","metadata":{"emulator":{"name":"functions"},"function":{"name":"us-central1-api"},"message":"\u001b[90m> \u001b[39m Payment Request Received... 299900"}}
[debug] [2021-07-21T11:04:30.311Z] [runtime-status] [15924] Ephemeral server survived. {"metadata":{"emulator":{"name":"functions"},"function":{"name":"us-central1-api"},"message":"[runtime-status] [15924] Ephemeral server survived."}}
[info] i  functions: Finished "us-central1-api" in ~1s {"metadata":{"emulator":{"name":"functions"},"function":{"name":"us-central1-api"},"message":"Finished \"us-central1-api\" in ~1s"}}
[debug] [2021-07-21T11:04:31.145Z] [worker-us-central1-api-133f5fff-c92d-4ea4-b703-ec1dc12e3cf1]: IDLE {"metadata":{"emulator":{"name":"functions"},"message":"[worker-us-central1-api-133f5fff-c92d-4ea4-b703-ec1dc12e3cf1]: IDLE"}}
[debug] [2021-07-21T11:04:31.145Z] [work-queue] {"queueLength":0,"workRunningCount":0}
[debug] [2021-07-21T11:06:12.880Z] [work-queue] {"queueLength":1,"workRunningCount":0}
[debug] [2021-07-21T11:06:12.880Z] [work-queue] {"queueLength":0,"workRunningCount":1}
[debug] [2021-07-21T11:06:12.881Z] Accepted request POST /challenge-16684/us-central1/api/payments/create?total=999700 --> us-central1-api
[debug] [2021-07-21T11:06:12.881Z] [worker-pool] submitWork(triggerId=us-central1-api) {"metadata":{"emulator":{"name":"functions"},"message":"[worker-pool] submitWork(triggerId=us-central1-api)"}}
[debug] [2021-07-21T11:06:12.882Z] [worker-us-central1-api-133f5fff-c92d-4ea4-b703-ec1dc12e3cf1]: Assigning socketPath: \\?\pipe\C:\Users\Raghvendra Mishra\Desktop\Amazon Clone\amazon-clone\functions\15924 {"metadata":{"emulator":{"name":"functions"},"message":"[worker-us-central1-api-133f5fff-c92d-4ea4-b703-ec1dc12e3cf1]: Assigning socketPath: \\\\?\\pipe\\C:\\Users\\Raghvendra Mishra\\Desktop\\Amazon Clone\\amazon-clone\\functions\\15924"}}
[debug] [2021-07-21T11:06:12.882Z] [worker-us-central1-api-133f5fff-c92d-4ea4-b703-ec1dc12e3cf1]: BUSY {"metadata":{"emulator":{"name":"functions"},"message":"[worker-us-central1-api-133f5fff-c92d-4ea4-b703-ec1dc12e3cf1]: BUSY"}}
[debug] [2021-07-21T11:06:12.884Z] [runtime-status] [15924] Trigger "us-central1-api" has been found, beginning invocation! {"metadata":{"emulator":{"name":"functions"},"function":{"name":"us-central1-api"},"message":"[runtime-status] [15924] Trigger \"us-central1-api\" has been found, beginning invocation!"}}
[info] i  functions: Beginning execution of "us-central1-api" {"metadata":{"emulator":{"name":"functions"},"function":{"name":"us-central1-api"},"message":"Beginning execution of \"us-central1-api\""}}
[debug] [2021-07-21T11:06:12.888Z] [runtime-status] [15924] triggerDefinition {"httpsTrigger":{},"name":"api","entryPoint":"api","regions":["us-central1"],"region":"us-central1","id":"us-central1-api"} {"metadata":{"emulator":{"name":"functions"},"function":{"name":"us-central1-api"},"message":"[runtime-status] [15924] triggerDefinition {\"httpsTrigger\":{},\"name\":\"api\",\"entryPoint\":\"api\",\"regions\":[\"us-central1\"],\"region\":\"us-central1\",\"id\":\"us-central1-api\"}"}}
[debug] [2021-07-21T11:06:12.889Z] [runtime-status] [15924] Running us-central1-api in mode HTTPS {"metadata":{"emulator":{"name":"functions"},"function":{"name":"us-central1-api"},"message":"[runtime-status] [15924] Running us-central1-api in mode HTTPS"}}
[debug] [2021-07-21T11:06:12.889Z] [runtime-status] [15924] Attempting to listen to socketPath: \\?\pipe\C:\Users\Raghvendra Mishra\Desktop\Amazon Clone\amazon-clone\functions\15924 {"metadata":{"emulator":{"name":"functions"},"function":{"name":"us-central1-api"},"message":"[runtime-status] [15924] Attempting to listen to socketPath: \\\\?\\pipe\\C:\\Users\\Raghvendra Mishra\\Desktop\\Amazon Clone\\amazon-clone\\functions\\15924"}}
[debug] [2021-07-21T11:06:12.893Z] [functions] Runtime ready! Sending request! {"metadata":{"emulator":{"name":"functions"},"message":"[functions] Runtime ready! Sending request!"}}
[debug] [2021-07-21T11:06:12.894Z] [functions] Got req.url=/challenge-16684/us-central1/api/payments/create?total=999700, mapping to path=/payments/create?total=999700 {"metadata":{"emulator":{"name":"functions"},"message":"[functions] Got req.url=/challenge-16684/us-central1/api/payments/create?total=999700, mapping to path=/payments/create?total=999700"}}
[debug] [2021-07-21T11:06:12.899Z] [runtime-status] [15924] Ephemeral server handling POST request {"metadata":{"emulator":{"name":"functions"},"function":{"name":"us-central1-api"},"message":"[runtime-status] [15924] Ephemeral server handling POST request"}}
[info] >  Payment Request Received... 999700 {"user":"Payment Request Received... 999700","metadata":{"emulator":{"name":"functions"},"function":{"name":"us-central1-api"},"message":"\u001b[90m> \u001b[39m Payment Request Received... 999700"}}
[debug] [2021-07-21T11:06:12.903Z] [runtime-status] [15924] Ephemeral server survived. {"metadata":{"emulator":{"name":"functions"},"function":{"name":"us-central1-api"},"message":"[runtime-status] [15924] Ephemeral server survived."}}
[info] i  functions: Finished "us-central1-api" in ~1s {"metadata":{"emulator":{"name":"functions"},"function":{"name":"us-central1-api"},"message":"Finished \"us-central1-api\" in ~1s"}}
[debug] [2021-07-21T11:06:13.519Z] [worker-us-central1-api-133f5fff-c92d-4ea4-b703-ec1dc12e3cf1]: IDLE {"metadata":{"emulator":{"name":"functions"},"message":"[worker-us-central1-api-133f5fff-c92d-4ea4-b703-ec1dc12e3cf1]: IDLE"}}
[debug] [2021-07-21T11:06:13.520Z] [work-queue] {"queueLength":0,"workRunningCount":0}
[debug] [2021-07-21T11:53:09.716Z] [work-queue] {"queueLength":1,"workRunningCount":0}
[debug] [2021-07-21T11:53:09.716Z] [work-queue] {"queueLength":0,"workRunningCount":1}
[debug] [2021-07-21T11:53:09.716Z] Accepted request POST /challenge-16684/us-central1/api/payments/create?total=399900 --> us-central1-api
[debug] [2021-07-21T11:53:09.716Z] [worker-pool] submitWork(triggerId=us-central1-api) {"metadata":{"emulator":{"name":"functions"},"message":"[worker-pool] submitWork(triggerId=us-central1-api)"}}
[debug] [2021-07-21T11:53:09.717Z] [worker-us-central1-api-133f5fff-c92d-4ea4-b703-ec1dc12e3cf1]: Assigning socketPath: \\?\pipe\C:\Users\Raghvendra Mishra\Desktop\Amazon Clone\amazon-clone\functions\15924 {"metadata":{"emulator":{"name":"functions"},"message":"[worker-us-central1-api-133f5fff-c92d-4ea4-b703-ec1dc12e3cf1]: Assigning socketPath: \\\\?\\pipe\\C:\\Users\\Raghvendra Mishra\\Desktop\\Amazon Clone\\amazon-clone\\functions\\15924"}}
[debug] [2021-07-21T11:53:09.717Z] [worker-us-central1-api-133f5fff-c92d-4ea4-b703-ec1dc12e3cf1]: BUSY {"metadata":{"emulator":{"name":"functions"},"message":"[worker-us-central1-api-133f5fff-c92d-4ea4-b703-ec1dc12e3cf1]: BUSY"}}
[debug] [2021-07-21T11:53:09.718Z] [runtime-status] [15924] Trigger "us-central1-api" has been found, beginning invocation! {"metadata":{"emulator":{"name":"functions"},"function":{"name":"us-central1-api"},"message":"[runtime-status] [15924] Trigger \"us-central1-api\" has been found, beginning invocation!"}}
[info] i  functions: Beginning execution of "us-central1-api" {"metadata":{"emulator":{"name":"functions"},"function":{"name":"us-central1-api"},"message":"Beginning execution of \"us-central1-api\""}}
[debug] [2021-07-21T11:53:09.719Z] [runtime-status] [15924] triggerDefinition {"httpsTrigger":{},"name":"api","entryPoint":"api","regions":["us-central1"],"region":"us-central1","id":"us-central1-api"} {"metadata":{"emulator":{"name":"functions"},"function":{"name":"us-central1-api"},"message":"[runtime-status] [15924] triggerDefinition {\"httpsTrigger\":{},\"name\":\"api\",\"entryPoint\":\"api\",\"regions\":[\"us-central1\"],\"region\":\"us-central1\",\"id\":\"us-central1-api\"}"}}
[debug] [2021-07-21T11:53:09.719Z] [runtime-status] [15924] Running us-central1-api in mode HTTPS {"metadata":{"emulator":{"name":"functions"},"function":{"name":"us-central1-api"},"message":"[runtime-status] [15924] Running us-central1-api in mode HTTPS"}}
[debug] [2021-07-21T11:53:09.719Z] [runtime-status] [15924] Attempting to listen to socketPath: \\?\pipe\C:\Users\Raghvendra Mishra\Desktop\Amazon Clone\amazon-clone\functions\15924 {"metadata":{"emulator":{"name":"functions"},"function":{"name":"us-central1-api"},"message":"[runtime-status] [15924] Attempting to listen to socketPath: \\\\?\\pipe\\C:\\Users\\Raghvendra Mishra\\Desktop\\Amazon Clone\\amazon-clone\\functions\\15924"}}
[debug] [2021-07-21T11:53:09.720Z] [functions] Runtime ready! Sending request! {"metadata":{"emulator":{"name":"functions"},"message":"[functions] Runtime ready! Sending request!"}}
[debug] [2021-07-21T11:53:09.720Z] [functions] Got req.url=/challenge-16684/us-central1/api/payments/create?total=399900, mapping to path=/payments/create?total=399900 {"metadata":{"emulator":{"name":"functions"},"message":"[functions] Got req.url=/challenge-16684/us-central1/api/payments/create?total=399900, mapping to path=/payments/create?total=399900"}}
[debug] [2021-07-21T11:53:09.723Z] [runtime-status] [15924] Ephemeral server handling POST request {"metadata":{"emulator":{"name":"functions"},"function":{"name":"us-central1-api"},"message":"[runtime-status] [15924] Ephemeral server handling POST request"}}
[info] >  Payment Request Received... 399900 {"user":"Payment Request Received... 399900","metadata":{"emulator":{"name":"functions"},"function":{"name":"us-central1-api"},"message":"\u001b[90m> \u001b[39m Payment Request Received... 399900"}}
[debug] [2021-07-21T11:53:09.725Z] [runtime-status] [15924] Ephemeral server survived. {"metadata":{"emulator":{"name":"functions"},"function":{"name":"us-central1-api"},"message":"[runtime-status] [15924] Ephemeral server survived."}}
[info] i  functions: Finished "us-central1-api" in ~1s {"metadata":{"emulator":{"name":"functions"},"function":{"name":"us-central1-api"},"message":"Finished \"us-central1-api\" in ~1s"}}
[debug] [2021-07-21T11:53:10.482Z] [worker-us-central1-api-133f5fff-c92d-4ea4-b703-ec1dc12e3cf1]: IDLE {"metadata":{"emulator":{"name":"functions"},"message":"[worker-us-central1-api-133f5fff-c92d-4ea4-b703-ec1dc12e3cf1]: IDLE"}}
[debug] [2021-07-21T11:53:10.483Z] [work-queue] {"queueLength":0,"workRunningCount":0}
[debug] [2021-07-21T12:00:41.764Z] [work-queue] {"queueLength":1,"workRunningCount":0}
[debug] [2021-07-21T12:00:41.764Z] [work-queue] {"queueLength":0,"workRunningCount":1}
[debug] [2021-07-21T12:00:41.764Z] Accepted request POST /challenge-16684/us-central1/api/payments/create?total=599800 --> us-central1-api
[debug] [2021-07-21T12:00:41.764Z] [worker-pool] submitWork(triggerId=us-central1-api) {"metadata":{"emulator":{"name":"functions"},"message":"[worker-pool] submitWork(triggerId=us-central1-api)"}}
[debug] [2021-07-21T12:00:41.765Z] [worker-us-central1-api-133f5fff-c92d-4ea4-b703-ec1dc12e3cf1]: Assigning socketPath: \\?\pipe\C:\Users\Raghvendra Mishra\Desktop\Amazon Clone\amazon-clone\functions\15924 {"metadata":{"emulator":{"name":"functions"},"message":"[worker-us-central1-api-133f5fff-c92d-4ea4-b703-ec1dc12e3cf1]: Assigning socketPath: \\\\?\\pipe\\C:\\Users\\Raghvendra Mishra\\Desktop\\Amazon Clone\\amazon-clone\\functions\\15924"}}
[debug] [2021-07-21T12:00:41.765Z] [worker-us-central1-api-133f5fff-c92d-4ea4-b703-ec1dc12e3cf1]: BUSY {"metadata":{"emulator":{"name":"functions"},"message":"[worker-us-central1-api-133f5fff-c92d-4ea4-b703-ec1dc12e3cf1]: BUSY"}}
[debug] [2021-07-21T12:00:41.765Z] [runtime-status] [15924] Trigger "us-central1-api" has been found, beginning invocation! {"metadata":{"emulator":{"name":"functions"},"function":{"name":"us-central1-api"},"message":"[runtime-status] [15924] Trigger \"us-central1-api\" has been found, beginning invocation!"}}
[info] i  functions: Beginning execution of "us-central1-api" {"metadata":{"emulator":{"name":"functions"},"function":{"name":"us-central1-api"},"message":"Beginning execution of \"us-central1-api\""}}
[debug] [2021-07-21T12:00:41.767Z] [runtime-status] [15924] triggerDefinition {"httpsTrigger":{},"name":"api","entryPoint":"api","regions":["us-central1"],"region":"us-central1","id":"us-central1-api"} {"metadata":{"emulator":{"name":"functions"},"function":{"name":"us-central1-api"},"message":"[runtime-status] [15924] triggerDefinition {\"httpsTrigger\":{},\"name\":\"api\",\"entryPoint\":\"api\",\"regions\":[\"us-central1\"],\"region\":\"us-central1\",\"id\":\"us-central1-api\"}"}}
[debug] [2021-07-21T12:00:41.767Z] [runtime-status] [15924] Running us-central1-api in mode HTTPS {"metadata":{"emulator":{"name":"functions"},"function":{"name":"us-central1-api"},"message":"[runtime-status] [15924] Running us-central1-api in mode HTTPS"}}
[debug] [2021-07-21T12:00:41.767Z] [runtime-status] [15924] Attempting to listen to socketPath: \\?\pipe\C:\Users\Raghvendra Mishra\Desktop\Amazon Clone\amazon-clone\functions\15924 {"metadata":{"emulator":{"name":"functions"},"function":{"name":"us-central1-api"},"message":"[runtime-status] [15924] Attempting to listen to socketPath: \\\\?\\pipe\\C:\\Users\\Raghvendra Mishra\\Desktop\\Amazon Clone\\amazon-clone\\functions\\15924"}}
[debug] [2021-07-21T12:00:41.768Z] [functions] Runtime ready! Sending request! {"metadata":{"emulator":{"name":"functions"},"message":"[functions] Runtime ready! Sending request!"}}
[debug] [2021-07-21T12:00:41.768Z] [functions] Got req.url=/challenge-16684/us-central1/api/payments/create?total=599800, mapping to path=/payments/create?total=599800 {"metadata":{"emulator":{"name":"functions"},"message":"[functions] Got req.url=/challenge-16684/us-central1/api/payments/create?total=599800, mapping to path=/payments/create?total=599800"}}
[debug] [2021-07-21T12:00:41.770Z] [runtime-status] [15924] Ephemeral server handling POST request {"metadata":{"emulator":{"name":"functions"},"function":{"name":"us-central1-api"},"message":"[runtime-status] [15924] Ephemeral server handling POST request"}}
[info] >  Payment Request Received... 599800 {"user":"Payment Request Received... 599800","metadata":{"emulator":{"name":"functions"},"function":{"name":"us-central1-api"},"message":"\u001b[90m> \u001b[39m Payment Request Received... 599800"}}
[debug] [2021-07-21T12:00:41.772Z] [runtime-status] [15924] Ephemeral server survived. {"metadata":{"emulator":{"name":"functions"},"function":{"name":"us-central1-api"},"message":"[runtime-status] [15924] Ephemeral server survived."}}
[info] i  functions: Finished "us-central1-api" in ~1s {"metadata":{"emulator":{"name":"functions"},"function":{"name":"us-central1-api"},"message":"Finished \"us-central1-api\" in ~1s"}}
[debug] [2021-07-21T12:00:42.508Z] [worker-us-central1-api-133f5fff-c92d-4ea4-b703-ec1dc12e3cf1]: IDLE {"metadata":{"emulator":{"name":"functions"},"message":"[worker-us-central1-api-133f5fff-c92d-4ea4-b703-ec1dc12e3cf1]: IDLE"}}
[debug] [2021-07-21T12:00:42.509Z] [work-queue] {"queueLength":0,"workRunningCount":0}
[debug] [2021-07-21T12:04:56.436Z] [work-queue] {"queueLength":1,"workRunningCount":0}
[debug] [2021-07-21T12:04:56.436Z] [work-queue] {"queueLength":0,"workRunningCount":1}
[debug] [2021-07-21T12:04:56.436Z] Accepted request POST /challenge-16684/us-central1/api/payments/create?total=399900 --> us-central1-api
[debug] [2021-07-21T12:04:56.437Z] [worker-pool] submitWork(triggerId=us-central1-api) {"metadata":{"emulator":{"name":"functions"},"message":"[worker-pool] submitWork(triggerId=us-central1-api)"}}
[debug] [2021-07-21T12:04:56.437Z] [worker-us-central1-api-133f5fff-c92d-4ea4-b703-ec1dc12e3cf1]: Assigning socketPath: \\?\pipe\C:\Users\Raghvendra Mishra\Desktop\Amazon Clone\amazon-clone\functions\15924 {"metadata":{"emulator":{"name":"functions"},"message":"[worker-us-central1-api-133f5fff-c92d-4ea4-b703-ec1dc12e3cf1]: Assigning socketPath: \\\\?\\pipe\\C:\\Users\\Raghvendra Mishra\\Desktop\\Amazon Clone\\amazon-clone\\functions\\15924"}}
[debug] [2021-07-21T12:04:56.437Z] [worker-us-central1-api-133f5fff-c92d-4ea4-b703-ec1dc12e3cf1]: BUSY {"metadata":{"emulator":{"name":"functions"},"message":"[worker-us-central1-api-133f5fff-c92d-4ea4-b703-ec1dc12e3cf1]: BUSY"}}
[debug] [2021-07-21T12:04:56.437Z] [runtime-status] [15924] Trigger "us-central1-api" has been found, beginning invocation! {"metadata":{"emulator":{"name":"functions"},"function":{"name":"us-central1-api"},"message":"[runtime-status] [15924] Trigger \"us-central1-api\" has been found, beginning invocation!"}}
[info] i  functions: Beginning execution of "us-central1-api" {"metadata":{"emulator":{"name":"functions"},"function":{"name":"us-central1-api"},"message":"Beginning execution of \"us-central1-api\""}}
[debug] [2021-07-21T12:04:56.439Z] [runtime-status] [15924] triggerDefinition {"httpsTrigger":{},"name":"api","entryPoint":"api","regions":["us-central1"],"region":"us-central1","id":"us-central1-api"} {"metadata":{"emulator":{"name":"functions"},"function":{"name":"us-central1-api"},"message":"[runtime-status] [15924] triggerDefinition {\"httpsTrigger\":{},\"name\":\"api\",\"entryPoint\":\"api\",\"regions\":[\"us-central1\"],\"region\":\"us-central1\",\"id\":\"us-central1-api\"}"}}
[debug] [2021-07-21T12:04:56.439Z] [runtime-status] [15924] Running us-central1-api in mode HTTPS {"metadata":{"emulator":{"name":"functions"},"function":{"name":"us-central1-api"},"message":"[runtime-status] [15924] Running us-central1-api in mode HTTPS"}}
[debug] [2021-07-21T12:04:56.440Z] [runtime-status] [15924] Attempting to listen to socketPath: \\?\pipe\C:\Users\Raghvendra Mishra\Desktop\Amazon Clone\amazon-clone\functions\15924 {"metadata":{"emulator":{"name":"functions"},"function":{"name":"us-central1-api"},"message":"[runtime-status] [15924] Attempting to listen to socketPath: \\\\?\\pipe\\C:\\Users\\Raghvendra Mishra\\Desktop\\Amazon Clone\\amazon-clone\\functions\\15924"}}
[debug] [2021-07-21T12:04:56.440Z] [functions] Runtime ready! Sending request! {"metadata":{"emulator":{"name":"functions"},"message":"[functions] Runtime ready! Sending request!"}}
[debug] [2021-07-21T12:04:56.441Z] [functions] Got req.url=/challenge-16684/us-central1/api/payments/create?total=399900, mapping to path=/payments/create?total=399900 {"metadata":{"emulator":{"name":"functions"},"message":"[functions] Got req.url=/challenge-16684/us-central1/api/payments/create?total=399900, mapping to path=/payments/create?total=399900"}}
[debug] [2021-07-21T12:04:56.444Z] [runtime-status] [15924] Ephemeral server handling POST request {"metadata":{"emulator":{"name":"functions"},"function":{"name":"us-central1-api"},"message":"[runtime-status] [15924] Ephemeral server handling POST request"}}
[info] >  Payment Request Received... 399900 {"user":"Payment Request Received... 399900","metadata":{"emulator":{"name":"functions"},"function":{"name":"us-central1-api"},"message":"\u001b[90m> \u001b[39m Payment Request Received... 399900"}}
[debug] [2021-07-21T12:04:56.445Z] [runtime-status] [15924] Ephemeral server survived. {"metadata":{"emulator":{"name":"functions"},"function":{"name":"us-central1-api"},"message":"[runtime-status] [15924] Ephemeral server survived."}}
[info] i  functions: Finished "us-central1-api" in ~1s {"metadata":{"emulator":{"name":"functions"},"function":{"name":"us-central1-api"},"message":"Finished \"us-central1-api\" in ~1s"}}
[debug] [2021-07-21T12:04:57.071Z] [worker-us-central1-api-133f5fff-c92d-4ea4-b703-ec1dc12e3cf1]: IDLE {"metadata":{"emulator":{"name":"functions"},"message":"[worker-us-central1-api-133f5fff-c92d-4ea4-b703-ec1dc12e3cf1]: IDLE"}}
[debug] [2021-07-21T12:04:57.071Z] [work-queue] {"queueLength":0,"workRunningCount":0}
[debug] [2021-07-21T12:10:28.555Z] [work-queue] {"queueLength":1,"workRunningCount":0}
[debug] [2021-07-21T12:10:28.556Z] [work-queue] {"queueLength":0,"workRunningCount":1}
[debug] [2021-07-21T12:10:28.556Z] Accepted request POST /challenge-16684/us-central1/api/payments/create?total=700000 --> us-central1-api
[debug] [2021-07-21T12:10:28.556Z] [worker-pool] submitWork(triggerId=us-central1-api) {"metadata":{"emulator":{"name":"functions"},"message":"[worker-pool] submitWork(triggerId=us-central1-api)"}}
[debug] [2021-07-21T12:10:28.556Z] [worker-us-central1-api-133f5fff-c92d-4ea4-b703-ec1dc12e3cf1]: Assigning socketPath: \\?\pipe\C:\Users\Raghvendra Mishra\Desktop\Amazon Clone\amazon-clone\functions\15924 {"metadata":{"emulator":{"name":"functions"},"message":"[worker-us-central1-api-133f5fff-c92d-4ea4-b703-ec1dc12e3cf1]: Assigning socketPath: \\\\?\\pipe\\C:\\Users\\Raghvendra Mishra\\Desktop\\Amazon Clone\\amazon-clone\\functions\\15924"}}
[debug] [2021-07-21T12:10:28.556Z] [worker-us-central1-api-133f5fff-c92d-4ea4-b703-ec1dc12e3cf1]: BUSY {"metadata":{"emulator":{"name":"functions"},"message":"[worker-us-central1-api-133f5fff-c92d-4ea4-b703-ec1dc12e3cf1]: BUSY"}}
[debug] [2021-07-21T12:10:28.556Z] [runtime-status] [15924] Trigger "us-central1-api" has been found, beginning invocation! {"metadata":{"emulator":{"name":"functions"},"function":{"name":"us-central1-api"},"message":"[runtime-status] [15924] Trigger \"us-central1-api\" has been found, beginning invocation!"}}
[info] i  functions: Beginning execution of "us-central1-api" {"metadata":{"emulator":{"name":"functions"},"function":{"name":"us-central1-api"},"message":"Beginning execution of \"us-central1-api\""}}
[debug] [2021-07-21T12:10:28.557Z] [runtime-status] [15924] triggerDefinition {"httpsTrigger":{},"name":"api","entryPoint":"api","regions":["us-central1"],"region":"us-central1","id":"us-central1-api"} {"metadata":{"emulator":{"name":"functions"},"function":{"name":"us-central1-api"},"message":"[runtime-status] [15924] triggerDefinition {\"httpsTrigger\":{},\"name\":\"api\",\"entryPoint\":\"api\",\"regions\":[\"us-central1\"],\"region\":\"us-central1\",\"id\":\"us-central1-api\"}"}}
[debug] [2021-07-21T12:10:28.558Z] [runtime-status] [15924] Running us-central1-api in mode HTTPS {"metadata":{"emulator":{"name":"functions"},"function":{"name":"us-central1-api"},"message":"[runtime-status] [15924] Running us-central1-api in mode HTTPS"}}
[debug] [2021-07-21T12:10:28.558Z] [runtime-status] [15924] Attempting to listen to socketPath: \\?\pipe\C:\Users\Raghvendra Mishra\Desktop\Amazon Clone\amazon-clone\functions\15924 {"metadata":{"emulator":{"name":"functions"},"function":{"name":"us-central1-api"},"message":"[runtime-status] [15924] Attempting to listen to socketPath: \\\\?\\pipe\\C:\\Users\\Raghvendra Mishra\\Desktop\\Amazon Clone\\amazon-clone\\functions\\15924"}}
[debug] [2021-07-21T12:10:28.559Z] [functions] Runtime ready! Sending request! {"metadata":{"emulator":{"name":"functions"},"message":"[functions] Runtime ready! Sending request!"}}
[debug] [2021-07-21T12:10:28.559Z] [functions] Got req.url=/challenge-16684/us-central1/api/payments/create?total=700000, mapping to path=/payments/create?total=700000 {"metadata":{"emulator":{"name":"functions"},"message":"[functions] Got req.url=/challenge-16684/us-central1/api/payments/create?total=700000, mapping to path=/payments/create?total=700000"}}
[debug] [2021-07-21T12:10:28.561Z] [runtime-status] [15924] Ephemeral server handling POST request {"metadata":{"emulator":{"name":"functions"},"function":{"name":"us-central1-api"},"message":"[runtime-status] [15924] Ephemeral server handling POST request"}}
[info] >  Payment Request Received... 700000 {"user":"Payment Request Received... 700000","metadata":{"emulator":{"name":"functions"},"function":{"name":"us-central1-api"},"message":"\u001b[90m> \u001b[39m Payment Request Received... 700000"}}
[debug] [2021-07-21T12:10:28.563Z] [runtime-status] [15924] Ephemeral server survived. {"metadata":{"emulator":{"name":"functions"},"function":{"name":"us-central1-api"},"message":"[runtime-status] [15924] Ephemeral server survived."}}
[info] i  functions: Finished "us-central1-api" in ~1s {"metadata":{"emulator":{"name":"functions"},"function":{"name":"us-central1-api"},"message":"Finished \"us-central1-api\" in ~1s"}}
[debug] [2021-07-21T12:10:29.275Z] [worker-us-central1-api-133f5fff-c92d-4ea4-b703-ec1dc12e3cf1]: IDLE {"metadata":{"emulator":{"name":"functions"},"message":"[worker-us-central1-api-133f5fff-c92d-4ea4-b703-ec1dc12e3cf1]: IDLE"}}
[debug] [2021-07-21T12:10:29.275Z] [work-queue] {"queueLength":0,"workRunningCount":0}
[debug] [2021-07-21T12:15:22.833Z] [work-queue] {"queueLength":1,"workRunningCount":0}
[debug] [2021-07-21T12:15:22.833Z] [work-queue] {"queueLength":0,"workRunningCount":1}
[debug] [2021-07-21T12:15:22.833Z] Accepted request POST /challenge-16684/us-central1/api/payments/create?total=700000 --> us-central1-api
[debug] [2021-07-21T12:15:22.833Z] [worker-pool] submitWork(triggerId=us-central1-api) {"metadata":{"emulator":{"name":"functions"},"message":"[worker-pool] submitWork(triggerId=us-central1-api)"}}
[debug] [2021-07-21T12:15:22.834Z] [worker-us-central1-api-133f5fff-c92d-4ea4-b703-ec1dc12e3cf1]: Assigning socketPath: \\?\pipe\C:\Users\Raghvendra Mishra\Desktop\Amazon Clone\amazon-clone\functions\15924 {"metadata":{"emulator":{"name":"functions"},"message":"[worker-us-central1-api-133f5fff-c92d-4ea4-b703-ec1dc12e3cf1]: Assigning socketPath: \\\\?\\pipe\\C:\\Users\\Raghvendra Mishra\\Desktop\\Amazon Clone\\amazon-clone\\functions\\15924"}}
[debug] [2021-07-21T12:15:22.834Z] [worker-us-central1-api-133f5fff-c92d-4ea4-b703-ec1dc12e3cf1]: BUSY {"metadata":{"emulator":{"name":"functions"},"message":"[worker-us-central1-api-133f5fff-c92d-4ea4-b703-ec1dc12e3cf1]: BUSY"}}
[debug] [2021-07-21T12:15:22.835Z] [runtime-status] [15924] Trigger "us-central1-api" has been found, beginning invocation! {"metadata":{"emulator":{"name":"functions"},"function":{"name":"us-central1-api"},"message":"[runtime-status] [15924] Trigger \"us-central1-api\" has been found, beginning invocation!"}}
[info] i  functions: Beginning execution of "us-central1-api" {"metadata":{"emulator":{"name":"functions"},"function":{"name":"us-central1-api"},"message":"Beginning execution of \"us-central1-api\""}}
[debug] [2021-07-21T12:15:22.836Z] [runtime-status] [15924] triggerDefinition {"httpsTrigger":{},"name":"api","entryPoint":"api","regions":["us-central1"],"region":"us-central1","id":"us-central1-api"} {"metadata":{"emulator":{"name":"functions"},"function":{"name":"us-central1-api"},"message":"[runtime-status] [15924] triggerDefinition {\"httpsTrigger\":{},\"name\":\"api\",\"entryPoint\":\"api\",\"regions\":[\"us-central1\"],\"region\":\"us-central1\",\"id\":\"us-central1-api\"}"}}
[debug] [2021-07-21T12:15:22.836Z] [runtime-status] [15924] Running us-central1-api in mode HTTPS {"metadata":{"emulator":{"name":"functions"},"function":{"name":"us-central1-api"},"message":"[runtime-status] [15924] Running us-central1-api in mode HTTPS"}}
[debug] [2021-07-21T12:15:22.836Z] [runtime-status] [15924] Attempting to listen to socketPath: \\?\pipe\C:\Users\Raghvendra Mishra\Desktop\Amazon Clone\amazon-clone\functions\15924 {"metadata":{"emulator":{"name":"functions"},"function":{"name":"us-central1-api"},"message":"[runtime-status] [15924] Attempting to listen to socketPath: \\\\?\\pipe\\C:\\Users\\Raghvendra Mishra\\Desktop\\Amazon Clone\\amazon-clone\\functions\\15924"}}
[debug] [2021-07-21T12:15:22.837Z] [functions] Runtime ready! Sending request! {"metadata":{"emulator":{"name":"functions"},"message":"[functions] Runtime ready! Sending request!"}}
[debug] [2021-07-21T12:15:22.837Z] [functions] Got req.url=/challenge-16684/us-central1/api/payments/create?total=700000, mapping to path=/payments/create?total=700000 {"metadata":{"emulator":{"name":"functions"},"message":"[functions] Got req.url=/challenge-16684/us-central1/api/payments/create?total=700000, mapping to path=/payments/create?total=700000"}}
[debug] [2021-07-21T12:15:22.839Z] [runtime-status] [15924] Ephemeral server handling POST request {"metadata":{"emulator":{"name":"functions"},"function":{"name":"us-central1-api"},"message":"[runtime-status] [15924] Ephemeral server handling POST request"}}
[info] >  Payment Request Received... 700000 {"user":"Payment Request Received... 700000","metadata":{"emulator":{"name":"functions"},"function":{"name":"us-central1-api"},"message":"\u001b[90m> \u001b[39m Payment Request Received... 700000"}}
[debug] [2021-07-21T12:15:22.840Z] [runtime-status] [15924] Ephemeral server survived. {"metadata":{"emulator":{"name":"functions"},"function":{"name":"us-central1-api"},"message":"[runtime-status] [15924] Ephemeral server survived."}}
[info] i  functions: Finished "us-central1-api" in ~1s {"metadata":{"emulator":{"name":"functions"},"function":{"name":"us-central1-api"},"message":"Finished \"us-central1-api\" in ~1s"}}
[debug] [2021-07-21T12:15:23.451Z] [worker-us-central1-api-133f5fff-c92d-4ea4-b703-ec1dc12e3cf1]: IDLE {"metadata":{"emulator":{"name":"functions"},"message":"[worker-us-central1-api-133f5fff-c92d-4ea4-b703-ec1dc12e3cf1]: IDLE"}}
[debug] [2021-07-21T12:15:23.452Z] [work-queue] {"queueLength":0,"workRunningCount":0}
[debug] [2021-07-21T12:16:53.238Z] [work-queue] {"queueLength":1,"workRunningCount":0}
[debug] [2021-07-21T12:16:53.238Z] [work-queue] {"queueLength":0,"workRunningCount":1}
[debug] [2021-07-21T12:16:53.238Z] Accepted request POST /challenge-16684/us-central1/api/payments/create?total=299900 --> us-central1-api
[debug] [2021-07-21T12:16:53.238Z] [worker-pool] submitWork(triggerId=us-central1-api) {"metadata":{"emulator":{"name":"functions"},"message":"[worker-pool] submitWork(triggerId=us-central1-api)"}}
[debug] [2021-07-21T12:16:53.238Z] [worker-us-central1-api-133f5fff-c92d-4ea4-b703-ec1dc12e3cf1]: Assigning socketPath: \\?\pipe\C:\Users\Raghvendra Mishra\Desktop\Amazon Clone\amazon-clone\functions\15924 {"metadata":{"emulator":{"name":"functions"},"message":"[worker-us-central1-api-133f5fff-c92d-4ea4-b703-ec1dc12e3cf1]: Assigning socketPath: \\\\?\\pipe\\C:\\Users\\Raghvendra Mishra\\Desktop\\Amazon Clone\\amazon-clone\\functions\\15924"}}
[debug] [2021-07-21T12:16:53.238Z] [worker-us-central1-api-133f5fff-c92d-4ea4-b703-ec1dc12e3cf1]: BUSY {"metadata":{"emulator":{"name":"functions"},"message":"[worker-us-central1-api-133f5fff-c92d-4ea4-b703-ec1dc12e3cf1]: BUSY"}}
[debug] [2021-07-21T12:16:53.239Z] [runtime-status] [15924] Trigger "us-central1-api" has been found, beginning invocation! {"metadata":{"emulator":{"name":"functions"},"function":{"name":"us-central1-api"},"message":"[runtime-status] [15924] Trigger \"us-central1-api\" has been found, beginning invocation!"}}
[info] i  functions: Beginning execution of "us-central1-api" {"metadata":{"emulator":{"name":"functions"},"function":{"name":"us-central1-api"},"message":"Beginning execution of \"us-central1-api\""}}
[debug] [2021-07-21T12:16:53.240Z] [runtime-status] [15924] triggerDefinition {"httpsTrigger":{},"name":"api","entryPoint":"api","regions":["us-central1"],"region":"us-central1","id":"us-central1-api"} {"metadata":{"emulator":{"name":"functions"},"function":{"name":"us-central1-api"},"message":"[runtime-status] [15924] triggerDefinition {\"httpsTrigger\":{},\"name\":\"api\",\"entryPoint\":\"api\",\"regions\":[\"us-central1\"],\"region\":\"us-central1\",\"id\":\"us-central1-api\"}"}}
[debug] [2021-07-21T12:16:53.240Z] [runtime-status] [15924] Running us-central1-api in mode HTTPS {"metadata":{"emulator":{"name":"functions"},"function":{"name":"us-central1-api"},"message":"[runtime-status] [15924] Running us-central1-api in mode HTTPS"}}
[debug] [2021-07-21T12:16:53.241Z] [runtime-status] [15924] Attempting to listen to socketPath: \\?\pipe\C:\Users\Raghvendra Mishra\Desktop\Amazon Clone\amazon-clone\functions\15924 {"metadata":{"emulator":{"name":"functions"},"function":{"name":"us-central1-api"},"message":"[runtime-status] [15924] Attempting to listen to socketPath: \\\\?\\pipe\\C:\\Users\\Raghvendra Mishra\\Desktop\\Amazon Clone\\amazon-clone\\functions\\15924"}}
[debug] [2021-07-21T12:16:53.242Z] [functions] Runtime ready! Sending request! {"metadata":{"emulator":{"name":"functions"},"message":"[functions] Runtime ready! Sending request!"}}
[debug] [2021-07-21T12:16:53.242Z] [functions] Got req.url=/challenge-16684/us-central1/api/payments/create?total=299900, mapping to path=/payments/create?total=299900 {"metadata":{"emulator":{"name":"functions"},"message":"[functions] Got req.url=/challenge-16684/us-central1/api/payments/create?total=299900, mapping to path=/payments/create?total=299900"}}
[debug] [2021-07-21T12:16:53.245Z] [runtime-status] [15924] Ephemeral server handling POST request {"metadata":{"emulator":{"name":"functions"},"function":{"name":"us-central1-api"},"message":"[runtime-status] [15924] Ephemeral server handling POST request"}}
[info] >  Payment Request Received... 299900 {"user":"Payment Request Received... 299900","metadata":{"emulator":{"name":"functions"},"function":{"name":"us-central1-api"},"message":"\u001b[90m> \u001b[39m Payment Request Received... 299900"}}
[debug] [2021-07-21T12:16:53.247Z] [runtime-status] [15924] Ephemeral server survived. {"metadata":{"emulator":{"name":"functions"},"function":{"name":"us-central1-api"},"message":"[runtime-status] [15924] Ephemeral server survived."}}
[info] i  functions: Finished "us-central1-api" in ~1s {"metadata":{"emulator":{"name":"functions"},"function":{"name":"us-central1-api"},"message":"Finished \"us-central1-api\" in ~1s"}}
[debug] [2021-07-21T12:16:54.026Z] [worker-us-central1-api-133f5fff-c92d-4ea4-b703-ec1dc12e3cf1]: IDLE {"metadata":{"emulator":{"name":"functions"},"message":"[worker-us-central1-api-133f5fff-c92d-4ea4-b703-ec1dc12e3cf1]: IDLE"}}
[debug] [2021-07-21T12:16:54.027Z] [work-queue] {"queueLength":0,"workRunningCount":0}
[debug] [2021-07-21T12:17:51.200Z] [work-queue] {"queueLength":1,"workRunningCount":0}
[debug] [2021-07-21T12:17:51.200Z] [work-queue] {"queueLength":0,"workRunningCount":1}
[debug] [2021-07-21T12:17:51.200Z] Accepted request POST /challenge-16684/us-central1/api/payments/create?total=299900 --> us-central1-api
[debug] [2021-07-21T12:17:51.200Z] [worker-pool] submitWork(triggerId=us-central1-api) {"metadata":{"emulator":{"name":"functions"},"message":"[worker-pool] submitWork(triggerId=us-central1-api)"}}
[debug] [2021-07-21T12:17:51.201Z] [worker-us-central1-api-133f5fff-c92d-4ea4-b703-ec1dc12e3cf1]: Assigning socketPath: \\?\pipe\C:\Users\Raghvendra Mishra\Desktop\Amazon Clone\amazon-clone\functions\15924 {"metadata":{"emulator":{"name":"functions"},"message":"[worker-us-central1-api-133f5fff-c92d-4ea4-b703-ec1dc12e3cf1]: Assigning socketPath: \\\\?\\pipe\\C:\\Users\\Raghvendra Mishra\\Desktop\\Amazon Clone\\amazon-clone\\functions\\15924"}}
[debug] [2021-07-21T12:17:51.201Z] [worker-us-central1-api-133f5fff-c92d-4ea4-b703-ec1dc12e3cf1]: BUSY {"metadata":{"emulator":{"name":"functions"},"message":"[worker-us-central1-api-133f5fff-c92d-4ea4-b703-ec1dc12e3cf1]: BUSY"}}
[debug] [2021-07-21T12:17:51.201Z] [runtime-status] [15924] Trigger "us-central1-api" has been found, beginning invocation! {"metadata":{"emulator":{"name":"functions"},"function":{"name":"us-central1-api"},"message":"[runtime-status] [15924] Trigger \"us-central1-api\" has been found, beginning invocation!"}}
[info] i  functions: Beginning execution of "us-central1-api" {"metadata":{"emulator":{"name":"functions"},"function":{"name":"us-central1-api"},"message":"Beginning execution of \"us-central1-api\""}}
[debug] [2021-07-21T12:17:51.202Z] [runtime-status] [15924] triggerDefinition {"httpsTrigger":{},"name":"api","entryPoint":"api","regions":["us-central1"],"region":"us-central1","id":"us-central1-api"} {"metadata":{"emulator":{"name":"functions"},"function":{"name":"us-central1-api"},"message":"[runtime-status] [15924] triggerDefinition {\"httpsTrigger\":{},\"name\":\"api\",\"entryPoint\":\"api\",\"regions\":[\"us-central1\"],\"region\":\"us-central1\",\"id\":\"us-central1-api\"}"}}
[debug] [2021-07-21T12:17:51.203Z] [runtime-status] [15924] Running us-central1-api in mode HTTPS {"metadata":{"emulator":{"name":"functions"},"function":{"name":"us-central1-api"},"message":"[runtime-status] [15924] Running us-central1-api in mode HTTPS"}}
[debug] [2021-07-21T12:17:51.203Z] [runtime-status] [15924] Attempting to listen to socketPath: \\?\pipe\C:\Users\Raghvendra Mishra\Desktop\Amazon Clone\amazon-clone\functions\15924 {"metadata":{"emulator":{"name":"functions"},"function":{"name":"us-central1-api"},"message":"[runtime-status] [15924] Attempting to listen to socketPath: \\\\?\\pipe\\C:\\Users\\Raghvendra Mishra\\Desktop\\Amazon Clone\\amazon-clone\\functions\\15924"}}
[debug] [2021-07-21T12:17:51.204Z] [functions] Runtime ready! Sending request! {"metadata":{"emulator":{"name":"functions"},"message":"[functions] Runtime ready! Sending request!"}}
[debug] [2021-07-21T12:17:51.205Z] [functions] Got req.url=/challenge-16684/us-central1/api/payments/create?total=299900, mapping to path=/payments/create?total=299900 {"metadata":{"emulator":{"name":"functions"},"message":"[functions] Got req.url=/challenge-16684/us-central1/api/payments/create?total=299900, mapping to path=/payments/create?total=299900"}}
[debug] [2021-07-21T12:17:51.207Z] [runtime-status] [15924] Ephemeral server handling POST request {"metadata":{"emulator":{"name":"functions"},"function":{"name":"us-central1-api"},"message":"[runtime-status] [15924] Ephemeral server handling POST request"}}
[info] >  Payment Request Received... 299900 {"user":"Payment Request Received... 299900","metadata":{"emulator":{"name":"functions"},"function":{"name":"us-central1-api"},"message":"\u001b[90m> \u001b[39m Payment Request Received... 299900"}}
[debug] [2021-07-21T12:17:51.209Z] [runtime-status] [15924] Ephemeral server survived. {"metadata":{"emulator":{"name":"functions"},"function":{"name":"us-central1-api"},"message":"[runtime-status] [15924] Ephemeral server survived."}}
[info] i  functions: Finished "us-central1-api" in ~1s {"metadata":{"emulator":{"name":"functions"},"function":{"name":"us-central1-api"},"message":"Finished \"us-central1-api\" in ~1s"}}
[debug] [2021-07-21T12:17:51.552Z] [worker-us-central1-api-133f5fff-c92d-4ea4-b703-ec1dc12e3cf1]: IDLE {"metadata":{"emulator":{"name":"functions"},"message":"[worker-us-central1-api-133f5fff-c92d-4ea4-b703-ec1dc12e3cf1]: IDLE"}}
[debug] [2021-07-21T12:17:51.553Z] [work-queue] {"queueLength":0,"workRunningCount":0}
[debug] [2021-07-21T12:22:17.953Z] [work-queue] {"queueLength":1,"workRunningCount":0}
[debug] [2021-07-21T12:22:17.953Z] [work-queue] {"queueLength":0,"workRunningCount":1}
[debug] [2021-07-21T12:22:17.953Z] Accepted request POST /challenge-16684/us-central1/api/payments/create?total=399900 --> us-central1-api
[debug] [2021-07-21T12:22:17.953Z] [worker-pool] submitWork(triggerId=us-central1-api) {"metadata":{"emulator":{"name":"functions"},"message":"[worker-pool] submitWork(triggerId=us-central1-api)"}}
[debug] [2021-07-21T12:22:17.953Z] [worker-us-central1-api-133f5fff-c92d-4ea4-b703-ec1dc12e3cf1]: Assigning socketPath: \\?\pipe\C:\Users\Raghvendra Mishra\Desktop\Amazon Clone\amazon-clone\functions\15924 {"metadata":{"emulator":{"name":"functions"},"message":"[worker-us-central1-api-133f5fff-c92d-4ea4-b703-ec1dc12e3cf1]: Assigning socketPath: \\\\?\\pipe\\C:\\Users\\Raghvendra Mishra\\Desktop\\Amazon Clone\\amazon-clone\\functions\\15924"}}
[debug] [2021-07-21T12:22:17.953Z] [worker-us-central1-api-133f5fff-c92d-4ea4-b703-ec1dc12e3cf1]: BUSY {"metadata":{"emulator":{"name":"functions"},"message":"[worker-us-central1-api-133f5fff-c92d-4ea4-b703-ec1dc12e3cf1]: BUSY"}}
[debug] [2021-07-21T12:22:17.954Z] [runtime-status] [15924] Trigger "us-central1-api" has been found, beginning invocation! {"metadata":{"emulator":{"name":"functions"},"function":{"name":"us-central1-api"},"message":"[runtime-status] [15924] Trigger \"us-central1-api\" has been found, beginning invocation!"}}
[info] i  functions: Beginning execution of "us-central1-api" {"metadata":{"emulator":{"name":"functions"},"function":{"name":"us-central1-api"},"message":"Beginning execution of \"us-central1-api\""}}
[debug] [2021-07-21T12:22:17.955Z] [runtime-status] [15924] triggerDefinition {"httpsTrigger":{},"name":"api","entryPoint":"api","regions":["us-central1"],"region":"us-central1","id":"us-central1-api"} {"metadata":{"emulator":{"name":"functions"},"function":{"name":"us-central1-api"},"message":"[runtime-status] [15924] triggerDefinition {\"httpsTrigger\":{},\"name\":\"api\",\"entryPoint\":\"api\",\"regions\":[\"us-central1\"],\"region\":\"us-central1\",\"id\":\"us-central1-api\"}"}}
[debug] [2021-07-21T12:22:17.956Z] [runtime-status] [15924] Running us-central1-api in mode HTTPS {"metadata":{"emulator":{"name":"functions"},"function":{"name":"us-central1-api"},"message":"[runtime-status] [15924] Running us-central1-api in mode HTTPS"}}
[debug] [2021-07-21T12:22:17.956Z] [runtime-status] [15924] Attempting to listen to socketPath: \\?\pipe\C:\Users\Raghvendra Mishra\Desktop\Amazon Clone\amazon-clone\functions\15924 {"metadata":{"emulator":{"name":"functions"},"function":{"name":"us-central1-api"},"message":"[runtime-status] [15924] Attempting to listen to socketPath: \\\\?\\pipe\\C:\\Users\\Raghvendra Mishra\\Desktop\\Amazon Clone\\amazon-clone\\functions\\15924"}}
[debug] [2021-07-21T12:22:17.957Z] [functions] Runtime ready! Sending request! {"metadata":{"emulator":{"name":"functions"},"message":"[functions] Runtime ready! Sending request!"}}
[debug] [2021-07-21T12:22:17.957Z] [functions] Got req.url=/challenge-16684/us-central1/api/payments/create?total=399900, mapping to path=/payments/create?total=399900 {"metadata":{"emulator":{"name":"functions"},"message":"[functions] Got req.url=/challenge-16684/us-central1/api/payments/create?total=399900, mapping to path=/payments/create?total=399900"}}
[debug] [2021-07-21T12:22:17.959Z] [runtime-status] [15924] Ephemeral server handling POST request {"metadata":{"emulator":{"name":"functions"},"function":{"name":"us-central1-api"},"message":"[runtime-status] [15924] Ephemeral server handling POST request"}}
[info] >  Payment Request Received... 399900 {"user":"Payment Request Received... 399900","metadata":{"emulator":{"name":"functions"},"function":{"name":"us-central1-api"},"message":"\u001b[90m> \u001b[39m Payment Request Received... 399900"}}
[debug] [2021-07-21T12:22:17.961Z] [runtime-status] [15924] Ephemeral server survived. {"metadata":{"emulator":{"name":"functions"},"function":{"name":"us-central1-api"},"message":"[runtime-status] [15924] Ephemeral server survived."}}
[info] i  functions: Finished "us-central1-api" in ~1s {"metadata":{"emulator":{"name":"functions"},"function":{"name":"us-central1-api"},"message":"Finished \"us-central1-api\" in ~1s"}}
[debug] [2021-07-21T12:22:18.738Z] [worker-us-central1-api-133f5fff-c92d-4ea4-b703-ec1dc12e3cf1]: IDLE {"metadata":{"emulator":{"name":"functions"},"message":"[worker-us-central1-api-133f5fff-c92d-4ea4-b703-ec1dc12e3cf1]: IDLE"}}
[debug] [2021-07-21T12:22:18.738Z] [work-queue] {"queueLength":0,"workRunningCount":0}
[debug] [2021-07-21T12:31:03.403Z] [work-queue] {"queueLength":1,"workRunningCount":0}
[debug] [2021-07-21T12:31:03.403Z] [work-queue] {"queueLength":0,"workRunningCount":1}
[debug] [2021-07-21T12:31:03.403Z] Accepted request POST /challenge-16684/us-central1/api/payments/create?total=100000 --> us-central1-api
[debug] [2021-07-21T12:31:03.403Z] [worker-pool] submitWork(triggerId=us-central1-api) {"metadata":{"emulator":{"name":"functions"},"message":"[worker-pool] submitWork(triggerId=us-central1-api)"}}
[debug] [2021-07-21T12:31:03.403Z] [worker-us-central1-api-133f5fff-c92d-4ea4-b703-ec1dc12e3cf1]: Assigning socketPath: \\?\pipe\C:\Users\Raghvendra Mishra\Desktop\Amazon Clone\amazon-clone\functions\15924 {"metadata":{"emulator":{"name":"functions"},"message":"[worker-us-central1-api-133f5fff-c92d-4ea4-b703-ec1dc12e3cf1]: Assigning socketPath: \\\\?\\pipe\\C:\\Users\\Raghvendra Mishra\\Desktop\\Amazon Clone\\amazon-clone\\functions\\15924"}}
[debug] [2021-07-21T12:31:03.403Z] [worker-us-central1-api-133f5fff-c92d-4ea4-b703-ec1dc12e3cf1]: BUSY {"metadata":{"emulator":{"name":"functions"},"message":"[worker-us-central1-api-133f5fff-c92d-4ea4-b703-ec1dc12e3cf1]: BUSY"}}
[debug] [2021-07-21T12:31:03.404Z] [runtime-status] [15924] Trigger "us-central1-api" has been found, beginning invocation! {"metadata":{"emulator":{"name":"functions"},"function":{"name":"us-central1-api"},"message":"[runtime-status] [15924] Trigger \"us-central1-api\" has been found, beginning invocation!"}}
[info] i  functions: Beginning execution of "us-central1-api" {"metadata":{"emulator":{"name":"functions"},"function":{"name":"us-central1-api"},"message":"Beginning execution of \"us-central1-api\""}}
[debug] [2021-07-21T12:31:03.404Z] [runtime-status] [15924] triggerDefinition {"httpsTrigger":{},"name":"api","entryPoint":"api","regions":["us-central1"],"region":"us-central1","id":"us-central1-api"} {"metadata":{"emulator":{"name":"functions"},"function":{"name":"us-central1-api"},"message":"[runtime-status] [15924] triggerDefinition {\"httpsTrigger\":{},\"name\":\"api\",\"entryPoint\":\"api\",\"regions\":[\"us-central1\"],\"region\":\"us-central1\",\"id\":\"us-central1-api\"}"}}
[debug] [2021-07-21T12:31:03.405Z] [runtime-status] [15924] Running us-central1-api in mode HTTPS {"metadata":{"emulator":{"name":"functions"},"function":{"name":"us-central1-api"},"message":"[runtime-status] [15924] Running us-central1-api in mode HTTPS"}}
[debug] [2021-07-21T12:31:03.405Z] [runtime-status] [15924] Attempting to listen to socketPath: \\?\pipe\C:\Users\Raghvendra Mishra\Desktop\Amazon Clone\amazon-clone\functions\15924 {"metadata":{"emulator":{"name":"functions"},"function":{"name":"us-central1-api"},"message":"[runtime-status] [15924] Attempting to listen to socketPath: \\\\?\\pipe\\C:\\Users\\Raghvendra Mishra\\Desktop\\Amazon Clone\\amazon-clone\\functions\\15924"}}
[debug] [2021-07-21T12:31:03.405Z] [functions] Runtime ready! Sending request! {"metadata":{"emulator":{"name":"functions"},"message":"[functions] Runtime ready! Sending request!"}}
[debug] [2021-07-21T12:31:03.406Z] [functions] Got req.url=/challenge-16684/us-central1/api/payments/create?total=100000, mapping to path=/payments/create?total=100000 {"metadata":{"emulator":{"name":"functions"},"message":"[functions] Got req.url=/challenge-16684/us-central1/api/payments/create?total=100000, mapping to path=/payments/create?total=100000"}}
[debug] [2021-07-21T12:31:03.408Z] [runtime-status] [15924] Ephemeral server handling POST request {"metadata":{"emulator":{"name":"functions"},"function":{"name":"us-central1-api"},"message":"[runtime-status] [15924] Ephemeral server handling POST request"}}
[info] >  Payment Request Received... 100000 {"user":"Payment Request Received... 100000","metadata":{"emulator":{"name":"functions"},"function":{"name":"us-central1-api"},"message":"\u001b[90m> \u001b[39m Payment Request Received... 100000"}}
[debug] [2021-07-21T12:31:03.409Z] [runtime-status] [15924] Ephemeral server survived. {"metadata":{"emulator":{"name":"functions"},"function":{"name":"us-central1-api"},"message":"[runtime-status] [15924] Ephemeral server survived."}}
[info] i  functions: Finished "us-central1-api" in ~1s {"metadata":{"emulator":{"name":"functions"},"function":{"name":"us-central1-api"},"message":"Finished \"us-central1-api\" in ~1s"}}
[debug] [2021-07-21T12:31:04.190Z] [worker-us-central1-api-133f5fff-c92d-4ea4-b703-ec1dc12e3cf1]: IDLE {"metadata":{"emulator":{"name":"functions"},"message":"[worker-us-central1-api-133f5fff-c92d-4ea4-b703-ec1dc12e3cf1]: IDLE"}}
[debug] [2021-07-21T12:31:04.191Z] [work-queue] {"queueLength":0,"workRunningCount":0}
[debug] [2021-07-21T12:34:36.322Z] [work-queue] {"queueLength":1,"workRunningCount":0}
[debug] [2021-07-21T12:34:36.322Z] [work-queue] {"queueLength":0,"workRunningCount":1}
[debug] [2021-07-21T12:34:36.322Z] Accepted request POST /challenge-16684/us-central1/api/payments/create?total=100000 --> us-central1-api
[debug] [2021-07-21T12:34:36.322Z] [worker-pool] submitWork(triggerId=us-central1-api) {"metadata":{"emulator":{"name":"functions"},"message":"[worker-pool] submitWork(triggerId=us-central1-api)"}}
[debug] [2021-07-21T12:34:36.322Z] [worker-us-central1-api-133f5fff-c92d-4ea4-b703-ec1dc12e3cf1]: Assigning socketPath: \\?\pipe\C:\Users\Raghvendra Mishra\Desktop\Amazon Clone\amazon-clone\functions\15924 {"metadata":{"emulator":{"name":"functions"},"message":"[worker-us-central1-api-133f5fff-c92d-4ea4-b703-ec1dc12e3cf1]: Assigning socketPath: \\\\?\\pipe\\C:\\Users\\Raghvendra Mishra\\Desktop\\Amazon Clone\\amazon-clone\\functions\\15924"}}
[debug] [2021-07-21T12:34:36.322Z] [worker-us-central1-api-133f5fff-c92d-4ea4-b703-ec1dc12e3cf1]: BUSY {"metadata":{"emulator":{"name":"functions"},"message":"[worker-us-central1-api-133f5fff-c92d-4ea4-b703-ec1dc12e3cf1]: BUSY"}}
[debug] [2021-07-21T12:34:36.323Z] [runtime-status] [15924] Trigger "us-central1-api" has been found, beginning invocation! {"metadata":{"emulator":{"name":"functions"},"function":{"name":"us-central1-api"},"message":"[runtime-status] [15924] Trigger \"us-central1-api\" has been found, beginning invocation!"}}
[info] i  functions: Beginning execution of "us-central1-api" {"metadata":{"emulator":{"name":"functions"},"function":{"name":"us-central1-api"},"message":"Beginning execution of \"us-central1-api\""}}
[debug] [2021-07-21T12:34:36.324Z] [runtime-status] [15924] triggerDefinition {"httpsTrigger":{},"name":"api","entryPoint":"api","regions":["us-central1"],"region":"us-central1","id":"us-central1-api"} {"metadata":{"emulator":{"name":"functions"},"function":{"name":"us-central1-api"},"message":"[runtime-status] [15924] triggerDefinition {\"httpsTrigger\":{},\"name\":\"api\",\"entryPoint\":\"api\",\"regions\":[\"us-central1\"],\"region\":\"us-central1\",\"id\":\"us-central1-api\"}"}}
[debug] [2021-07-21T12:34:36.324Z] [runtime-status] [15924] Running us-central1-api in mode HTTPS {"metadata":{"emulator":{"name":"functions"},"function":{"name":"us-central1-api"},"message":"[runtime-status] [15924] Running us-central1-api in mode HTTPS"}}
[debug] [2021-07-21T12:34:36.324Z] [runtime-status] [15924] Attempting to listen to socketPath: \\?\pipe\C:\Users\Raghvendra Mishra\Desktop\Amazon Clone\amazon-clone\functions\15924 {"metadata":{"emulator":{"name":"functions"},"function":{"name":"us-central1-api"},"message":"[runtime-status] [15924] Attempting to listen to socketPath: \\\\?\\pipe\\C:\\Users\\Raghvendra Mishra\\Desktop\\Amazon Clone\\amazon-clone\\functions\\15924"}}
[debug] [2021-07-21T12:34:36.325Z] [functions] Runtime ready! Sending request! {"metadata":{"emulator":{"name":"functions"},"message":"[functions] Runtime ready! Sending request!"}}
[debug] [2021-07-21T12:34:36.326Z] [functions] Got req.url=/challenge-16684/us-central1/api/payments/create?total=100000, mapping to path=/payments/create?total=100000 {"metadata":{"emulator":{"name":"functions"},"message":"[functions] Got req.url=/challenge-16684/us-central1/api/payments/create?total=100000, mapping to path=/payments/create?total=100000"}}
[debug] [2021-07-21T12:34:36.327Z] [runtime-status] [15924] Ephemeral server handling POST request {"metadata":{"emulator":{"name":"functions"},"function":{"name":"us-central1-api"},"message":"[runtime-status] [15924] Ephemeral server handling POST request"}}
[info] >  Payment Request Received... 100000 {"user":"Payment Request Received... 100000","metadata":{"emulator":{"name":"functions"},"function":{"name":"us-central1-api"},"message":"\u001b[90m> \u001b[39m Payment Request Received... 100000"}}
[debug] [2021-07-21T12:34:36.328Z] [runtime-status] [15924] Ephemeral server survived. {"metadata":{"emulator":{"name":"functions"},"function":{"name":"us-central1-api"},"message":"[runtime-status] [15924] Ephemeral server survived."}}
[info] i  functions: Finished "us-central1-api" in ~1s {"metadata":{"emulator":{"name":"functions"},"function":{"name":"us-central1-api"},"message":"Finished \"us-central1-api\" in ~1s"}}
[debug] [2021-07-21T12:34:36.975Z] [worker-us-central1-api-133f5fff-c92d-4ea4-b703-ec1dc12e3cf1]: IDLE {"metadata":{"emulator":{"name":"functions"},"message":"[worker-us-central1-api-133f5fff-c92d-4ea4-b703-ec1dc12e3cf1]: IDLE"}}
[debug] [2021-07-21T12:34:36.976Z] [work-queue] {"queueLength":0,"workRunningCount":0}
[debug] [2021-07-21T12:37:57.785Z] [work-queue] {"queueLength":1,"workRunningCount":0}
[debug] [2021-07-21T12:37:57.786Z] [work-queue] {"queueLength":0,"workRunningCount":1}
[debug] [2021-07-21T12:37:57.786Z] Accepted request POST /challenge-16684/us-central1/api/payments/create?total=300000 --> us-central1-api
[debug] [2021-07-21T12:37:57.786Z] [worker-pool] submitWork(triggerId=us-central1-api) {"metadata":{"emulator":{"name":"functions"},"message":"[worker-pool] submitWork(triggerId=us-central1-api)"}}
[debug] [2021-07-21T12:37:57.786Z] [worker-us-central1-api-133f5fff-c92d-4ea4-b703-ec1dc12e3cf1]: Assigning socketPath: \\?\pipe\C:\Users\Raghvendra Mishra\Desktop\Amazon Clone\amazon-clone\functions\15924 {"metadata":{"emulator":{"name":"functions"},"message":"[worker-us-central1-api-133f5fff-c92d-4ea4-b703-ec1dc12e3cf1]: Assigning socketPath: \\\\?\\pipe\\C:\\Users\\Raghvendra Mishra\\Desktop\\Amazon Clone\\amazon-clone\\functions\\15924"}}
[debug] [2021-07-21T12:37:57.787Z] [worker-us-central1-api-133f5fff-c92d-4ea4-b703-ec1dc12e3cf1]: BUSY {"metadata":{"emulator":{"name":"functions"},"message":"[worker-us-central1-api-133f5fff-c92d-4ea4-b703-ec1dc12e3cf1]: BUSY"}}
[debug] [2021-07-21T12:37:57.788Z] [runtime-status] [15924] Trigger "us-central1-api" has been found, beginning invocation! {"metadata":{"emulator":{"name":"functions"},"function":{"name":"us-central1-api"},"message":"[runtime-status] [15924] Trigger \"us-central1-api\" has been found, beginning invocation!"}}
[info] i  functions: Beginning execution of "us-central1-api" {"metadata":{"emulator":{"name":"functions"},"function":{"name":"us-central1-api"},"message":"Beginning execution of \"us-central1-api\""}}
[debug] [2021-07-21T12:37:57.790Z] [runtime-status] [15924] triggerDefinition {"httpsTrigger":{},"name":"api","entryPoint":"api","regions":["us-central1"],"region":"us-central1","id":"us-central1-api"} {"metadata":{"emulator":{"name":"functions"},"function":{"name":"us-central1-api"},"message":"[runtime-status] [15924] triggerDefinition {\"httpsTrigger\":{},\"name\":\"api\",\"entryPoint\":\"api\",\"regions\":[\"us-central1\"],\"region\":\"us-central1\",\"id\":\"us-central1-api\"}"}}
[debug] [2021-07-21T12:37:57.790Z] [runtime-status] [15924] Running us-central1-api in mode HTTPS {"metadata":{"emulator":{"name":"functions"},"function":{"name":"us-central1-api"},"message":"[runtime-status] [15924] Running us-central1-api in mode HTTPS"}}
[debug] [2021-07-21T12:37:57.790Z] [runtime-status] [15924] Attempting to listen to socketPath: \\?\pipe\C:\Users\Raghvendra Mishra\Desktop\Amazon Clone\amazon-clone\functions\15924 {"metadata":{"emulator":{"name":"functions"},"function":{"name":"us-central1-api"},"message":"[runtime-status] [15924] Attempting to listen to socketPath: \\\\?\\pipe\\C:\\Users\\Raghvendra Mishra\\Desktop\\Amazon Clone\\amazon-clone\\functions\\15924"}}
[debug] [2021-07-21T12:37:57.792Z] [functions] Runtime ready! Sending request! {"metadata":{"emulator":{"name":"functions"},"message":"[functions] Runtime ready! Sending request!"}}
[debug] [2021-07-21T12:37:57.793Z] [functions] Got req.url=/challenge-16684/us-central1/api/payments/create?total=300000, mapping to path=/payments/create?total=300000 {"metadata":{"emulator":{"name":"functions"},"message":"[functions] Got req.url=/challenge-16684/us-central1/api/payments/create?total=300000, mapping to path=/payments/create?total=300000"}}
[debug] [2021-07-21T12:37:57.798Z] [runtime-status] [15924] Ephemeral server handling POST request {"metadata":{"emulator":{"name":"functions"},"function":{"name":"us-central1-api"},"message":"[runtime-status] [15924] Ephemeral server handling POST request"}}
[info] >  Payment Request Received... 300000 {"user":"Payment Request Received... 300000","metadata":{"emulator":{"name":"functions"},"function":{"name":"us-central1-api"},"message":"\u001b[90m> \u001b[39m Payment Request Received... 300000"}}
[debug] [2021-07-21T12:37:57.802Z] [runtime-status] [15924] Ephemeral server survived. {"metadata":{"emulator":{"name":"functions"},"function":{"name":"us-central1-api"},"message":"[runtime-status] [15924] Ephemeral server survived."}}
[info] i  functions: Finished "us-central1-api" in ~1s {"metadata":{"emulator":{"name":"functions"},"function":{"name":"us-central1-api"},"message":"Finished \"us-central1-api\" in ~1s"}}
[debug] [2021-07-21T12:37:58.524Z] [worker-us-central1-api-133f5fff-c92d-4ea4-b703-ec1dc12e3cf1]: IDLE {"metadata":{"emulator":{"name":"functions"},"message":"[worker-us-central1-api-133f5fff-c92d-4ea4-b703-ec1dc12e3cf1]: IDLE"}}
[debug] [2021-07-21T12:37:58.525Z] [work-queue] {"queueLength":0,"workRunningCount":0}
[debug] [2021-07-21T12:42:05.301Z] Received signal SIGHUP 1
