[debug] [2021-07-22T11:04:28.553Z] ----------------------------------------------------------------------
[debug] [2021-07-22T11:04:28.555Z] Command:       C:\Program Files\nodejs\node.exe C:\Users\Raghvendra Mishra\AppData\Roaming\npm\node_modules\firebase-tools\lib\bin\firebase.js emulators:start
[debug] [2021-07-22T11:04:28.556Z] CLI Version:   9.16.0
[debug] [2021-07-22T11:04:28.556Z] Platform:      win32
[debug] [2021-07-22T11:04:28.556Z] Node Version:  v14.17.0
[debug] [2021-07-22T11:04:28.557Z] Time:          Thu Jul 22 2021 16:34:28 GMT+0530 (India Standard Time)
[debug] [2021-07-22T11:04:28.557Z] ----------------------------------------------------------------------
[debug] 
[debug] [2021-07-22T11:04:28.633Z] > command requires scopes: ["email","openid","https://www.googleapis.com/auth/cloudplatformprojects.readonly","https://www.googleapis.com/auth/firebase","https://www.googleapis.com/auth/cloud-platform"]
[debug] [2021-07-22T11:04:28.633Z] > authorizing via signed-in user (raghvendram396@gmail.com)
[info] i  emulators: Starting emulators: functions, hosting {"metadata":{"emulator":{"name":"hub"},"message":"Starting emulators: functions, hosting"}}
[warn] !  emulators: It seems that you are running multiple instances of the emulator suite for project challenge-16684. This may result in unexpected behavior. 
[debug] [2021-07-22T11:04:28.664Z] [hub] writing locator at C:\Users\RAGHVE~1\AppData\Local\Temp\hub-challenge-16684.json
[warn] !  functions: The following emulators are not running, calls to these services from the Functions emulator will affect production: auth, firestore, database, pubsub, storage {"metadata":{"emulator":{"name":"functions"},"message":"The following emulators are not running, calls to these services from the Functions emulator will affect production: \u001b[1mauth, firestore, database, pubsub, storage\u001b[22m"}}
[info] +  functions: Using node@14 from host. {"metadata":{"emulator":{"name":"functions"},"message":"Using node@14 from host."}}
[debug] [2021-07-22T11:04:28.707Z] defaultcredentials: writing to file C:\Users\Raghvendra Mishra\AppData\Roaming\firebase\raghvendram396_gmail_com_application_default_credentials.json
[debug] [2021-07-22T11:04:28.710Z] Setting GAC to C:\Users\Raghvendra Mishra\AppData\Roaming\firebase\raghvendram396_gmail_com_application_default_credentials.json {"metadata":{"emulator":{"name":"functions"},"message":"Setting GAC to C:\\Users\\Raghvendra Mishra\\AppData\\Roaming\\firebase\\raghvendram396_gmail_com_application_default_credentials.json"}}
[debug] [2021-07-22T11:04:28.713Z] >>> [apiv2][query] GET https://firebase.googleapis.com/v1beta1/projects/challenge-16684/adminSdkConfig [none]
[debug] [2021-07-22T11:04:29.614Z] <<< [apiv2][status] GET https://firebase.googleapis.com/v1beta1/projects/challenge-16684/adminSdkConfig 200
[debug] [2021-07-22T11:04:29.615Z] <<< [apiv2][body] GET https://firebase.googleapis.com/v1beta1/projects/challenge-16684/adminSdkConfig {"projectId":"challenge-16684","storageBucket":"challenge-16684.appspot.com","locationId":"us-central"}
[debug] [2021-07-22T11:04:29.649Z] >>> [apiv2][query] GET https://firebasehosting.googleapis.com/v1beta1/projects/challenge-16684/sites 
[debug] [2021-07-22T11:04:31.602Z] <<< [apiv2][status] GET https://firebasehosting.googleapis.com/v1beta1/projects/challenge-16684/sites 200
[debug] [2021-07-22T11:04:31.603Z] <<< [apiv2][body] GET https://firebasehosting.googleapis.com/v1beta1/projects/challenge-16684/sites {"sites":[{"name":"projects/803980992274/sites/challenge-16684","defaultUrl":"https://challenge-16684.web.app","appId":"1:803980992274:web:09e78897ac5989a22a1dcb","type":"DEFAULT_SITE"}]}
[debug] [2021-07-22T11:04:31.604Z] >>> [apiv2][query] GET https://firebase.googleapis.com/v1beta1/projects/challenge-16684/webApps/1:803980992274:web:09e78897ac5989a22a1dcb/config [none]
[debug] [2021-07-22T11:04:33.183Z] <<< [apiv2][status] GET https://firebase.googleapis.com/v1beta1/projects/challenge-16684/webApps/1:803980992274:web:09e78897ac5989a22a1dcb/config 200
[debug] [2021-07-22T11:04:33.183Z] <<< [apiv2][body] GET https://firebase.googleapis.com/v1beta1/projects/challenge-16684/webApps/1:803980992274:web:09e78897ac5989a22a1dcb/config {"projectId":"challenge-16684","appId":"1:803980992274:web:09e78897ac5989a22a1dcb","storageBucket":"challenge-16684.appspot.com","locationId":"us-central","apiKey":"AIzaSyBDzSP25nqSjTilY4gMc8ELw8Rd4qlrMH8","authDomain":"challenge-16684.firebaseapp.com","messagingSenderId":"803980992274","measurementId":"G-ZTGYCLKFNS"}
[info] i  hosting: Serving hosting files from: build {"metadata":{"emulator":{"name":"hosting"},"message":"Serving hosting files from: \u001b[1mbuild\u001b[22m"}}
[info] +  hosting: Local server: http://localhost:5000 {"metadata":{"emulator":{"name":"hosting"},"message":"Local server: \u001b[4m\u001b[1mhttp://localhost:5000\u001b[22m\u001b[24m"}}
[debug] [2021-07-22T11:04:33.269Z] Ignoring unsupported arg: auto_download {"metadata":{"emulator":{"name":"ui"},"message":"Ignoring unsupported arg: auto_download"}}
[debug] [2021-07-22T11:04:33.270Z] Ignoring unsupported arg: port {"metadata":{"emulator":{"name":"ui"},"message":"Ignoring unsupported arg: port"}}
[debug] [2021-07-22T11:04:33.271Z] Starting Emulator UI with command {"binary":"node","args":["C:\\Users\\Raghvendra Mishra\\.cache\\firebase\\emulators\\ui-v1.6.0\\server.bundle.js"],"optionalArgs":[],"joinArgs":false} {"metadata":{"emulator":{"name":"ui"},"message":"Starting Emulator UI with command {\"binary\":\"node\",\"args\":[\"C:\\\\Users\\\\Raghvendra Mishra\\\\.cache\\\\firebase\\\\emulators\\\\ui-v1.6.0\\\\server.bundle.js\"],\"optionalArgs\":[],\"joinArgs\":false}"}}
[info] i  ui: Emulator UI logging to ui-debug.log {"metadata":{"emulator":{"name":"ui"},"message":"Emulator UI logging to \u001b[1mui-debug.log\u001b[22m"}}
[debug] [2021-07-22T11:04:33.543Z] Web / API server started at localhost:4000
 {"metadata":{"emulator":{"name":"ui"},"message":"Web / API server started at localhost:4000\n"}}
[info] i  functions: Watching "C:\Users\Raghvendra Mishra\Desktop\Amazon Clone\amazon-clone\functions" for Cloud Functions... {"metadata":{"emulator":{"name":"functions"},"message":"Watching \"C:\\Users\\Raghvendra Mishra\\Desktop\\Amazon Clone\\amazon-clone\\functions\" for Cloud Functions..."}}
[debug] [2021-07-22T11:04:33.606Z] [worker-pool] addWorker(~diagnostic~) {"metadata":{"emulator":{"name":"functions"},"message":"[worker-pool] addWorker(~diagnostic~)"}}
[debug] [2021-07-22T11:04:33.607Z] [worker-pool] Adding worker with key ~diagnostic~, total=1 {"metadata":{"emulator":{"name":"functions"},"message":"[worker-pool] Adding worker with key ~diagnostic~, total=1"}}
[debug] [2021-07-22T11:04:33.608Z] [worker-pool] submitWork(triggerId=) {"metadata":{"emulator":{"name":"functions"},"message":"[worker-pool] submitWork(triggerId=)"}}
[debug] [2021-07-22T11:04:33.610Z] [worker-~diagnostic~-40b05bb0-a18f-4750-9a8d-8f62f503b72b]: Assigning socketPath: \\?\pipe\C:\Users\Raghvendra Mishra\Desktop\Amazon Clone\amazon-clone\functions\14088 {"metadata":{"emulator":{"name":"functions"},"message":"[worker-~diagnostic~-40b05bb0-a18f-4750-9a8d-8f62f503b72b]: Assigning socketPath: \\\\?\\pipe\\C:\\Users\\Raghvendra Mishra\\Desktop\\Amazon Clone\\amazon-clone\\functions\\14088"}}
[debug] [2021-07-22T11:04:33.612Z] [worker-~diagnostic~-40b05bb0-a18f-4750-9a8d-8f62f503b72b]: BUSY {"metadata":{"emulator":{"name":"functions"},"message":"[worker-~diagnostic~-40b05bb0-a18f-4750-9a8d-8f62f503b72b]: BUSY"}}
[debug] [2021-07-22T11:04:33.990Z] [runtime-status] [14088] Functions runtime initialized. {"cwd":"C:\\Users\\Raghvendra Mishra\\Desktop\\Amazon Clone\\amazon-clone\\functions","node_version":"14.17.0"} {"metadata":{"emulator":{"name":"functions"},"message":"[runtime-status] [14088] Functions runtime initialized. {\"cwd\":\"C:\\\\Users\\\\Raghvendra Mishra\\\\Desktop\\\\Amazon Clone\\\\amazon-clone\\\\functions\",\"node_version\":\"14.17.0\"}"}}
[debug] [2021-07-22T11:04:33.992Z] [runtime-status] [14088] Disabled runtime features: undefined {"metadata":{"emulator":{"name":"functions"},"message":"[runtime-status] [14088] Disabled runtime features: undefined"}}
[debug] [2021-07-22T11:04:33.998Z] [runtime-status] [14088] Resolved module firebase-admin {"declared":true,"installed":true,"version":"9.11.0","resolution":"C:\\Users\\Raghvendra Mishra\\Desktop\\Amazon Clone\\amazon-clone\\functions\\node_modules\\firebase-admin\\lib\\index.js"} {"metadata":{"emulator":{"name":"functions"},"message":"[runtime-status] [14088] Resolved module firebase-admin {\"declared\":true,\"installed\":true,\"version\":\"9.11.0\",\"resolution\":\"C:\\\\Users\\\\Raghvendra Mishra\\\\Desktop\\\\Amazon Clone\\\\amazon-clone\\\\functions\\\\node_modules\\\\firebase-admin\\\\lib\\\\index.js\"}"}}
[debug] [2021-07-22T11:04:34.002Z] [runtime-status] [14088] Resolved module firebase-functions {"declared":true,"installed":true,"version":"3.14.1","resolution":"C:\\Users\\Raghvendra Mishra\\Desktop\\Amazon Clone\\amazon-clone\\functions\\node_modules\\firebase-functions\\lib\\index.js"} {"metadata":{"emulator":{"name":"functions"},"message":"[runtime-status] [14088] Resolved module firebase-functions {\"declared\":true,\"installed\":true,\"version\":\"3.14.1\",\"resolution\":\"C:\\\\Users\\\\Raghvendra Mishra\\\\Desktop\\\\Amazon Clone\\\\amazon-clone\\\\functions\\\\node_modules\\\\firebase-functions\\\\lib\\\\index.js\"}"}}
[debug] [2021-07-22T11:04:34.005Z] [runtime-status] [14088] Resolved module firebase-functions {"declared":true,"installed":true,"version":"3.14.1","resolution":"C:\\Users\\Raghvendra Mishra\\Desktop\\Amazon Clone\\amazon-clone\\functions\\node_modules\\firebase-functions\\lib\\index.js"} {"metadata":{"emulator":{"name":"functions"},"message":"[runtime-status] [14088] Resolved module firebase-functions {\"declared\":true,\"installed\":true,\"version\":\"3.14.1\",\"resolution\":\"C:\\\\Users\\\\Raghvendra Mishra\\\\Desktop\\\\Amazon Clone\\\\amazon-clone\\\\functions\\\\node_modules\\\\firebase-functions\\\\lib\\\\index.js\"}"}}
[debug] [2021-07-22T11:04:34.009Z] [runtime-status] [14088] Outgoing network have been stubbed. [{"name":"http","status":"mocked"},{"name":"http","status":"mocked"},{"name":"https","status":"mocked"},{"name":"https","status":"mocked"},{"name":"net","status":"mocked"}] {"metadata":{"emulator":{"name":"functions"},"message":"[runtime-status] [14088] Outgoing network have been stubbed. [{\"name\":\"http\",\"status\":\"mocked\"},{\"name\":\"http\",\"status\":\"mocked\"},{\"name\":\"https\",\"status\":\"mocked\"},{\"name\":\"https\",\"status\":\"mocked\"},{\"name\":\"net\",\"status\":\"mocked\"}]"}}
[debug] [2021-07-22T11:04:34.010Z] [runtime-status] [14088] Resolved module firebase-functions {"declared":true,"installed":true,"version":"3.14.1","resolution":"C:\\Users\\Raghvendra Mishra\\Desktop\\Amazon Clone\\amazon-clone\\functions\\node_modules\\firebase-functions\\lib\\index.js"} {"metadata":{"emulator":{"name":"functions"},"message":"[runtime-status] [14088] Resolved module firebase-functions {\"declared\":true,\"installed\":true,\"version\":\"3.14.1\",\"resolution\":\"C:\\\\Users\\\\Raghvendra Mishra\\\\Desktop\\\\Amazon Clone\\\\amazon-clone\\\\functions\\\\node_modules\\\\firebase-functions\\\\lib\\\\index.js\"}"}}
[debug] [2021-07-22T11:04:34.107Z] [runtime-status] [14088] Checked functions.config() {"config":{}} {"metadata":{"emulator":{"name":"functions"},"message":"[runtime-status] [14088] Checked functions.config() {\"config\":{}}"}}
[debug] [2021-07-22T11:04:34.107Z] [runtime-status] [14088] firebase-functions has been stubbed. {"functionsResolution":{"declared":true,"installed":true,"version":"3.14.1","resolution":"C:\\Users\\Raghvendra Mishra\\Desktop\\Amazon Clone\\amazon-clone\\functions\\node_modules\\firebase-functions\\lib\\index.js"}} {"metadata":{"emulator":{"name":"functions"},"message":"[runtime-status] [14088] firebase-functions has been stubbed. {\"functionsResolution\":{\"declared\":true,\"installed\":true,\"version\":\"3.14.1\",\"resolution\":\"C:\\\\Users\\\\Raghvendra Mishra\\\\Desktop\\\\Amazon Clone\\\\amazon-clone\\\\functions\\\\node_modules\\\\firebase-functions\\\\lib\\\\index.js\"}}"}}
[debug] [2021-07-22T11:04:34.108Z] [runtime-status] [14088] Resolved module firebase-functions {"declared":true,"installed":true,"version":"3.14.1","resolution":"C:\\Users\\Raghvendra Mishra\\Desktop\\Amazon Clone\\amazon-clone\\functions\\node_modules\\firebase-functions\\lib\\index.js"} {"metadata":{"emulator":{"name":"functions"},"message":"[runtime-status] [14088] Resolved module firebase-functions {\"declared\":true,\"installed\":true,\"version\":\"3.14.1\",\"resolution\":\"C:\\\\Users\\\\Raghvendra Mishra\\\\Desktop\\\\Amazon Clone\\\\amazon-clone\\\\functions\\\\node_modules\\\\firebase-functions\\\\lib\\\\index.js\"}"}}
[debug] [2021-07-22T11:04:34.109Z] [runtime-status] [14088] Resolved module firebase-admin {"declared":true,"installed":true,"version":"9.11.0","resolution":"C:\\Users\\Raghvendra Mishra\\Desktop\\Amazon Clone\\amazon-clone\\functions\\node_modules\\firebase-admin\\lib\\index.js"} {"metadata":{"emulator":{"name":"functions"},"message":"[runtime-status] [14088] Resolved module firebase-admin {\"declared\":true,\"installed\":true,\"version\":\"9.11.0\",\"resolution\":\"C:\\\\Users\\\\Raghvendra Mishra\\\\Desktop\\\\Amazon Clone\\\\amazon-clone\\\\functions\\\\node_modules\\\\firebase-admin\\\\lib\\\\index.js\"}"}}
[debug] [2021-07-22T11:04:34.110Z] [runtime-status] [14088] Resolved module firebase-functions {"declared":true,"installed":true,"version":"3.14.1","resolution":"C:\\Users\\Raghvendra Mishra\\Desktop\\Amazon Clone\\amazon-clone\\functions\\node_modules\\firebase-functions\\lib\\index.js"} {"metadata":{"emulator":{"name":"functions"},"message":"[runtime-status] [14088] Resolved module firebase-functions {\"declared\":true,\"installed\":true,\"version\":\"3.14.1\",\"resolution\":\"C:\\\\Users\\\\Raghvendra Mishra\\\\Desktop\\\\Amazon Clone\\\\amazon-clone\\\\functions\\\\node_modules\\\\firebase-functions\\\\lib\\\\index.js\"}"}}
[debug] [2021-07-22T11:04:34.110Z] [runtime-status] [14088] firebase-admin has been stubbed. {"adminResolution":{"declared":true,"installed":true,"version":"9.11.0","resolution":"C:\\Users\\Raghvendra Mishra\\Desktop\\Amazon Clone\\amazon-clone\\functions\\node_modules\\firebase-admin\\lib\\index.js"}} {"metadata":{"emulator":{"name":"functions"},"message":"[runtime-status] [14088] firebase-admin has been stubbed. {\"adminResolution\":{\"declared\":true,\"installed\":true,\"version\":\"9.11.0\",\"resolution\":\"C:\\\\Users\\\\Raghvendra Mishra\\\\Desktop\\\\Amazon Clone\\\\amazon-clone\\\\functions\\\\node_modules\\\\firebase-admin\\\\lib\\\\index.js\"}}"}}
[info] +  functions[us-central1-api]: http function initialized (http://localhost:5001/challenge-16684/us-central1/api). {"metadata":{"emulator":{"name":"functions"},"message":"\u001b[1mhttp\u001b[22m function initialized (http://localhost:5001/challenge-16684/us-central1/api)."}}
[info] 
┌─────────────────────────────────────────────────────────────┐
│ ✔  All emulators ready! It is now safe to connect your app. │
│ i  View Emulator UI at http://localhost:4000                │
└─────────────────────────────────────────────────────────────┘

┌───────────┬────────────────┬─────────────────────────────────┐
│ Emulator  │ Host:Port      │ View in Emulator UI             │
├───────────┼────────────────┼─────────────────────────────────┤
│ Functions │ localhost:5001 │ http://localhost:4000/functions │
├───────────┼────────────────┼─────────────────────────────────┤
│ Hosting   │ localhost:5000 │ n/a                             │
└───────────┴────────────────┴─────────────────────────────────┘
  Emulator Hub running at localhost:4400
  Other reserved ports: 4500

Issues? Report them at https://github.com/firebase/firebase-tools/issues and attach the *-debug.log files.
 
[debug] [2021-07-22T11:04:34.443Z] [worker-~diagnostic~-40b05bb0-a18f-4750-9a8d-8f62f503b72b]: IDLE {"metadata":{"emulator":{"name":"functions"},"message":"[worker-~diagnostic~-40b05bb0-a18f-4750-9a8d-8f62f503b72b]: IDLE"}}
[debug] [2021-07-22T11:04:51.729Z] [work-queue] {"queueLength":1,"workRunningCount":0}
[debug] [2021-07-22T11:04:51.729Z] [work-queue] {"queueLength":0,"workRunningCount":1}
[debug] [2021-07-22T11:04:51.730Z] Accepted request POST /challenge-16684/us-central1/api/payments/create?total=100000 --> us-central1-api
[debug] [2021-07-22T11:04:51.741Z] [worker-pool] addWorker(us-central1-api) {"metadata":{"emulator":{"name":"functions"},"message":"[worker-pool] addWorker(us-central1-api)"}}
[debug] [2021-07-22T11:04:51.741Z] [worker-pool] Adding worker with key us-central1-api, total=1 {"metadata":{"emulator":{"name":"functions"},"message":"[worker-pool] Adding worker with key us-central1-api, total=1"}}
[debug] [2021-07-22T11:04:51.742Z] [worker-pool] submitWork(triggerId=us-central1-api) {"metadata":{"emulator":{"name":"functions"},"message":"[worker-pool] submitWork(triggerId=us-central1-api)"}}
[debug] [2021-07-22T11:04:51.742Z] [worker-us-central1-api-4ed4d8e2-7b41-4485-b4b7-be7b19a2939a]: Assigning socketPath: \\?\pipe\C:\Users\Raghvendra Mishra\Desktop\Amazon Clone\amazon-clone\functions\2344 {"metadata":{"emulator":{"name":"functions"},"message":"[worker-us-central1-api-4ed4d8e2-7b41-4485-b4b7-be7b19a2939a]: Assigning socketPath: \\\\?\\pipe\\C:\\Users\\Raghvendra Mishra\\Desktop\\Amazon Clone\\amazon-clone\\functions\\2344"}}
[debug] [2021-07-22T11:04:51.743Z] [worker-us-central1-api-4ed4d8e2-7b41-4485-b4b7-be7b19a2939a]: BUSY {"metadata":{"emulator":{"name":"functions"},"message":"[worker-us-central1-api-4ed4d8e2-7b41-4485-b4b7-be7b19a2939a]: BUSY"}}
[debug] [2021-07-22T11:04:52.216Z] [runtime-status] [2344] Functions runtime initialized. {"cwd":"C:\\Users\\Raghvendra Mishra\\Desktop\\Amazon Clone\\amazon-clone\\functions","node_version":"14.17.0"} {"metadata":{"emulator":{"name":"functions"},"function":{"name":"us-central1-api"},"message":"[runtime-status] [2344] Functions runtime initialized. {\"cwd\":\"C:\\\\Users\\\\Raghvendra Mishra\\\\Desktop\\\\Amazon Clone\\\\amazon-clone\\\\functions\",\"node_version\":\"14.17.0\"}"}}
[debug] [2021-07-22T11:04:52.218Z] [runtime-status] [2344] Disabled runtime features: undefined {"metadata":{"emulator":{"name":"functions"},"function":{"name":"us-central1-api"},"message":"[runtime-status] [2344] Disabled runtime features: undefined"}}
[debug] [2021-07-22T11:04:52.223Z] [runtime-status] [2344] Resolved module firebase-admin {"declared":true,"installed":true,"version":"9.11.0","resolution":"C:\\Users\\Raghvendra Mishra\\Desktop\\Amazon Clone\\amazon-clone\\functions\\node_modules\\firebase-admin\\lib\\index.js"} {"metadata":{"emulator":{"name":"functions"},"function":{"name":"us-central1-api"},"message":"[runtime-status] [2344] Resolved module firebase-admin {\"declared\":true,\"installed\":true,\"version\":\"9.11.0\",\"resolution\":\"C:\\\\Users\\\\Raghvendra Mishra\\\\Desktop\\\\Amazon Clone\\\\amazon-clone\\\\functions\\\\node_modules\\\\firebase-admin\\\\lib\\\\index.js\"}"}}
[debug] [2021-07-22T11:04:52.225Z] [runtime-status] [2344] Resolved module firebase-functions {"declared":true,"installed":true,"version":"3.14.1","resolution":"C:\\Users\\Raghvendra Mishra\\Desktop\\Amazon Clone\\amazon-clone\\functions\\node_modules\\firebase-functions\\lib\\index.js"} {"metadata":{"emulator":{"name":"functions"},"function":{"name":"us-central1-api"},"message":"[runtime-status] [2344] Resolved module firebase-functions {\"declared\":true,\"installed\":true,\"version\":\"3.14.1\",\"resolution\":\"C:\\\\Users\\\\Raghvendra Mishra\\\\Desktop\\\\Amazon Clone\\\\amazon-clone\\\\functions\\\\node_modules\\\\firebase-functions\\\\lib\\\\index.js\"}"}}
[debug] [2021-07-22T11:04:52.227Z] [runtime-status] [2344] Resolved module firebase-functions {"declared":true,"installed":true,"version":"3.14.1","resolution":"C:\\Users\\Raghvendra Mishra\\Desktop\\Amazon Clone\\amazon-clone\\functions\\node_modules\\firebase-functions\\lib\\index.js"} {"metadata":{"emulator":{"name":"functions"},"function":{"name":"us-central1-api"},"message":"[runtime-status] [2344] Resolved module firebase-functions {\"declared\":true,\"installed\":true,\"version\":\"3.14.1\",\"resolution\":\"C:\\\\Users\\\\Raghvendra Mishra\\\\Desktop\\\\Amazon Clone\\\\amazon-clone\\\\functions\\\\node_modules\\\\firebase-functions\\\\lib\\\\index.js\"}"}}
[debug] [2021-07-22T11:04:52.230Z] [runtime-status] [2344] Outgoing network have been stubbed. [{"name":"http","status":"mocked"},{"name":"http","status":"mocked"},{"name":"https","status":"mocked"},{"name":"https","status":"mocked"},{"name":"net","status":"mocked"}] {"metadata":{"emulator":{"name":"functions"},"function":{"name":"us-central1-api"},"message":"[runtime-status] [2344] Outgoing network have been stubbed. [{\"name\":\"http\",\"status\":\"mocked\"},{\"name\":\"http\",\"status\":\"mocked\"},{\"name\":\"https\",\"status\":\"mocked\"},{\"name\":\"https\",\"status\":\"mocked\"},{\"name\":\"net\",\"status\":\"mocked\"}]"}}
[debug] [2021-07-22T11:04:52.231Z] [runtime-status] [2344] Resolved module firebase-functions {"declared":true,"installed":true,"version":"3.14.1","resolution":"C:\\Users\\Raghvendra Mishra\\Desktop\\Amazon Clone\\amazon-clone\\functions\\node_modules\\firebase-functions\\lib\\index.js"} {"metadata":{"emulator":{"name":"functions"},"function":{"name":"us-central1-api"},"message":"[runtime-status] [2344] Resolved module firebase-functions {\"declared\":true,\"installed\":true,\"version\":\"3.14.1\",\"resolution\":\"C:\\\\Users\\\\Raghvendra Mishra\\\\Desktop\\\\Amazon Clone\\\\amazon-clone\\\\functions\\\\node_modules\\\\firebase-functions\\\\lib\\\\index.js\"}"}}
[debug] [2021-07-22T11:04:52.291Z] [runtime-status] [2344] Checked functions.config() {"config":{}} {"metadata":{"emulator":{"name":"functions"},"function":{"name":"us-central1-api"},"message":"[runtime-status] [2344] Checked functions.config() {\"config\":{}}"}}
[debug] [2021-07-22T11:04:52.291Z] [runtime-status] [2344] firebase-functions has been stubbed. {"functionsResolution":{"declared":true,"installed":true,"version":"3.14.1","resolution":"C:\\Users\\Raghvendra Mishra\\Desktop\\Amazon Clone\\amazon-clone\\functions\\node_modules\\firebase-functions\\lib\\index.js"}} {"metadata":{"emulator":{"name":"functions"},"function":{"name":"us-central1-api"},"message":"[runtime-status] [2344] firebase-functions has been stubbed. {\"functionsResolution\":{\"declared\":true,\"installed\":true,\"version\":\"3.14.1\",\"resolution\":\"C:\\\\Users\\\\Raghvendra Mishra\\\\Desktop\\\\Amazon Clone\\\\amazon-clone\\\\functions\\\\node_modules\\\\firebase-functions\\\\lib\\\\index.js\"}}"}}
[debug] [2021-07-22T11:04:52.292Z] [runtime-status] [2344] Resolved module firebase-functions {"declared":true,"installed":true,"version":"3.14.1","resolution":"C:\\Users\\Raghvendra Mishra\\Desktop\\Amazon Clone\\amazon-clone\\functions\\node_modules\\firebase-functions\\lib\\index.js"} {"metadata":{"emulator":{"name":"functions"},"function":{"name":"us-central1-api"},"message":"[runtime-status] [2344] Resolved module firebase-functions {\"declared\":true,\"installed\":true,\"version\":\"3.14.1\",\"resolution\":\"C:\\\\Users\\\\Raghvendra Mishra\\\\Desktop\\\\Amazon Clone\\\\amazon-clone\\\\functions\\\\node_modules\\\\firebase-functions\\\\lib\\\\index.js\"}"}}
[debug] [2021-07-22T11:04:52.294Z] [runtime-status] [2344] Resolved module firebase-admin {"declared":true,"installed":true,"version":"9.11.0","resolution":"C:\\Users\\Raghvendra Mishra\\Desktop\\Amazon Clone\\amazon-clone\\functions\\node_modules\\firebase-admin\\lib\\index.js"} {"metadata":{"emulator":{"name":"functions"},"function":{"name":"us-central1-api"},"message":"[runtime-status] [2344] Resolved module firebase-admin {\"declared\":true,\"installed\":true,\"version\":\"9.11.0\",\"resolution\":\"C:\\\\Users\\\\Raghvendra Mishra\\\\Desktop\\\\Amazon Clone\\\\amazon-clone\\\\functions\\\\node_modules\\\\firebase-admin\\\\lib\\\\index.js\"}"}}
[debug] [2021-07-22T11:04:52.295Z] [runtime-status] [2344] Resolved module firebase-functions {"declared":true,"installed":true,"version":"3.14.1","resolution":"C:\\Users\\Raghvendra Mishra\\Desktop\\Amazon Clone\\amazon-clone\\functions\\node_modules\\firebase-functions\\lib\\index.js"} {"metadata":{"emulator":{"name":"functions"},"function":{"name":"us-central1-api"},"message":"[runtime-status] [2344] Resolved module firebase-functions {\"declared\":true,\"installed\":true,\"version\":\"3.14.1\",\"resolution\":\"C:\\\\Users\\\\Raghvendra Mishra\\\\Desktop\\\\Amazon Clone\\\\amazon-clone\\\\functions\\\\node_modules\\\\firebase-functions\\\\lib\\\\index.js\"}"}}
[debug] [2021-07-22T11:04:52.295Z] [runtime-status] [2344] firebase-admin has been stubbed. {"adminResolution":{"declared":true,"installed":true,"version":"9.11.0","resolution":"C:\\Users\\Raghvendra Mishra\\Desktop\\Amazon Clone\\amazon-clone\\functions\\node_modules\\firebase-admin\\lib\\index.js"}} {"metadata":{"emulator":{"name":"functions"},"function":{"name":"us-central1-api"},"message":"[runtime-status] [2344] firebase-admin has been stubbed. {\"adminResolution\":{\"declared\":true,\"installed\":true,\"version\":\"9.11.0\",\"resolution\":\"C:\\\\Users\\\\Raghvendra Mishra\\\\Desktop\\\\Amazon Clone\\\\amazon-clone\\\\functions\\\\node_modules\\\\firebase-admin\\\\lib\\\\index.js\"}}"}}
[debug] [2021-07-22T11:04:52.588Z] [runtime-status] [2344] Trigger "us-central1-api" has been found, beginning invocation! {"metadata":{"emulator":{"name":"functions"},"function":{"name":"us-central1-api"},"message":"[runtime-status] [2344] Trigger \"us-central1-api\" has been found, beginning invocation!"}}
[info] i  functions: Beginning execution of "us-central1-api" {"metadata":{"emulator":{"name":"functions"},"function":{"name":"us-central1-api"},"message":"Beginning execution of \"us-central1-api\""}}
[debug] [2021-07-22T11:04:52.590Z] [runtime-status] [2344] triggerDefinition {"httpsTrigger":{},"name":"api","entryPoint":"api","regions":["us-central1"],"region":"us-central1","id":"us-central1-api"} {"metadata":{"emulator":{"name":"functions"},"function":{"name":"us-central1-api"},"message":"[runtime-status] [2344] triggerDefinition {\"httpsTrigger\":{},\"name\":\"api\",\"entryPoint\":\"api\",\"regions\":[\"us-central1\"],\"region\":\"us-central1\",\"id\":\"us-central1-api\"}"}}
[debug] [2021-07-22T11:04:52.590Z] [runtime-status] [2344] Running us-central1-api in mode HTTPS {"metadata":{"emulator":{"name":"functions"},"function":{"name":"us-central1-api"},"message":"[runtime-status] [2344] Running us-central1-api in mode HTTPS"}}
[debug] [2021-07-22T11:04:52.596Z] [runtime-status] [2344] Attempting to listen to socketPath: \\?\pipe\C:\Users\Raghvendra Mishra\Desktop\Amazon Clone\amazon-clone\functions\2344 {"metadata":{"emulator":{"name":"functions"},"function":{"name":"us-central1-api"},"message":"[runtime-status] [2344] Attempting to listen to socketPath: \\\\?\\pipe\\C:\\Users\\Raghvendra Mishra\\Desktop\\Amazon Clone\\amazon-clone\\functions\\2344"}}
[debug] [2021-07-22T11:04:52.601Z] [functions] Runtime ready! Sending request! {"metadata":{"emulator":{"name":"functions"},"message":"[functions] Runtime ready! Sending request!"}}
[debug] [2021-07-22T11:04:52.603Z] [functions] Got req.url=/challenge-16684/us-central1/api/payments/create?total=100000, mapping to path=/payments/create?total=100000 {"metadata":{"emulator":{"name":"functions"},"message":"[functions] Got req.url=/challenge-16684/us-central1/api/payments/create?total=100000, mapping to path=/payments/create?total=100000"}}
[debug] [2021-07-22T11:04:52.638Z] [runtime-status] [2344] Ephemeral server handling POST request {"metadata":{"emulator":{"name":"functions"},"function":{"name":"us-central1-api"},"message":"[runtime-status] [2344] Ephemeral server handling POST request"}}
[info] >  Payment Request Received... 100000 {"user":"Payment Request Received... 100000","metadata":{"emulator":{"name":"functions"},"function":{"name":"us-central1-api"},"message":"\u001b[90m> \u001b[39m Payment Request Received... 100000"}}
[debug] [2021-07-22T11:04:52.669Z] [runtime-status] [2344] Ephemeral server survived. {"metadata":{"emulator":{"name":"functions"},"function":{"name":"us-central1-api"},"message":"[runtime-status] [2344] Ephemeral server survived."}}
[info] i  functions: Finished "us-central1-api" in ~1s {"metadata":{"emulator":{"name":"functions"},"function":{"name":"us-central1-api"},"message":"Finished \"us-central1-api\" in ~1s"}}
[debug] [2021-07-22T11:04:53.583Z] [worker-us-central1-api-4ed4d8e2-7b41-4485-b4b7-be7b19a2939a]: IDLE {"metadata":{"emulator":{"name":"functions"},"message":"[worker-us-central1-api-4ed4d8e2-7b41-4485-b4b7-be7b19a2939a]: IDLE"}}
[debug] [2021-07-22T11:04:53.584Z] [work-queue] {"queueLength":0,"workRunningCount":0}
[debug] [2021-07-22T11:05:01.958Z] [work-queue] {"queueLength":1,"workRunningCount":0}
[debug] [2021-07-22T11:05:01.960Z] [work-queue] {"queueLength":0,"workRunningCount":1}
[debug] [2021-07-22T11:05:01.960Z] Accepted request POST /challenge-16684/us-central1/api/payments/create?total=0 --> us-central1-api
[debug] [2021-07-22T11:05:01.961Z] [worker-pool] submitWork(triggerId=us-central1-api) {"metadata":{"emulator":{"name":"functions"},"message":"[worker-pool] submitWork(triggerId=us-central1-api)"}}
[debug] [2021-07-22T11:05:01.962Z] [worker-us-central1-api-4ed4d8e2-7b41-4485-b4b7-be7b19a2939a]: Assigning socketPath: \\?\pipe\C:\Users\Raghvendra Mishra\Desktop\Amazon Clone\amazon-clone\functions\2344 {"metadata":{"emulator":{"name":"functions"},"message":"[worker-us-central1-api-4ed4d8e2-7b41-4485-b4b7-be7b19a2939a]: Assigning socketPath: \\\\?\\pipe\\C:\\Users\\Raghvendra Mishra\\Desktop\\Amazon Clone\\amazon-clone\\functions\\2344"}}
[debug] [2021-07-22T11:05:01.962Z] [worker-us-central1-api-4ed4d8e2-7b41-4485-b4b7-be7b19a2939a]: BUSY {"metadata":{"emulator":{"name":"functions"},"message":"[worker-us-central1-api-4ed4d8e2-7b41-4485-b4b7-be7b19a2939a]: BUSY"}}
[debug] [2021-07-22T11:05:01.964Z] [runtime-status] [2344] Trigger "us-central1-api" has been found, beginning invocation! {"metadata":{"emulator":{"name":"functions"},"function":{"name":"us-central1-api"},"message":"[runtime-status] [2344] Trigger \"us-central1-api\" has been found, beginning invocation!"}}
[info] i  functions: Beginning execution of "us-central1-api" {"metadata":{"emulator":{"name":"functions"},"function":{"name":"us-central1-api"},"message":"Beginning execution of \"us-central1-api\""}}
[debug] [2021-07-22T11:05:01.968Z] [runtime-status] [2344] triggerDefinition {"httpsTrigger":{},"name":"api","entryPoint":"api","regions":["us-central1"],"region":"us-central1","id":"us-central1-api"} {"metadata":{"emulator":{"name":"functions"},"function":{"name":"us-central1-api"},"message":"[runtime-status] [2344] triggerDefinition {\"httpsTrigger\":{},\"name\":\"api\",\"entryPoint\":\"api\",\"regions\":[\"us-central1\"],\"region\":\"us-central1\",\"id\":\"us-central1-api\"}"}}
[debug] [2021-07-22T11:05:01.969Z] [runtime-status] [2344] Running us-central1-api in mode HTTPS {"metadata":{"emulator":{"name":"functions"},"function":{"name":"us-central1-api"},"message":"[runtime-status] [2344] Running us-central1-api in mode HTTPS"}}
[debug] [2021-07-22T11:05:01.970Z] [runtime-status] [2344] Attempting to listen to socketPath: \\?\pipe\C:\Users\Raghvendra Mishra\Desktop\Amazon Clone\amazon-clone\functions\2344 {"metadata":{"emulator":{"name":"functions"},"function":{"name":"us-central1-api"},"message":"[runtime-status] [2344] Attempting to listen to socketPath: \\\\?\\pipe\\C:\\Users\\Raghvendra Mishra\\Desktop\\Amazon Clone\\amazon-clone\\functions\\2344"}}
[debug] [2021-07-22T11:05:01.975Z] [functions] Runtime ready! Sending request! {"metadata":{"emulator":{"name":"functions"},"message":"[functions] Runtime ready! Sending request!"}}
[debug] [2021-07-22T11:05:01.977Z] [functions] Got req.url=/challenge-16684/us-central1/api/payments/create?total=0, mapping to path=/payments/create?total=0 {"metadata":{"emulator":{"name":"functions"},"message":"[functions] Got req.url=/challenge-16684/us-central1/api/payments/create?total=0, mapping to path=/payments/create?total=0"}}
[debug] [2021-07-22T11:05:01.994Z] [runtime-status] [2344] Ephemeral server handling POST request {"metadata":{"emulator":{"name":"functions"},"function":{"name":"us-central1-api"},"message":"[runtime-status] [2344] Ephemeral server handling POST request"}}
[info] >  Payment Request Received... 0 {"user":"Payment Request Received... 0","metadata":{"emulator":{"name":"functions"},"function":{"name":"us-central1-api"},"message":"\u001b[90m> \u001b[39m Payment Request Received... 0"}}
[debug] [2021-07-22T11:05:02.002Z] [runtime-status] [2344] Ephemeral server survived. {"metadata":{"emulator":{"name":"functions"},"function":{"name":"us-central1-api"},"message":"[runtime-status] [2344] Ephemeral server survived."}}
[info] >  (node:2344) UnhandledPromiseRejectionWarning: Error: This value must be greater than or equal to 1. {"user":"(node:2344) UnhandledPromiseRejectionWarning: Error: This value must be greater than or equal to 1.","metadata":{"emulator":{"name":"functions"},"function":{"name":"us-central1-api"},"message":"\u001b[90m> \u001b[39m (node:2344) UnhandledPromiseRejectionWarning: Error: This value must be greater than or equal to 1."}}
[info] >      at Function.generate (C:\Users\Raghvendra Mishra\Desktop\Amazon Clone\amazon-clone\functions\node_modules\stripe\lib\Error.js:40:16) {"user":"    at Function.generate (C:\\Users\\Raghvendra Mishra\\Desktop\\Amazon Clone\\amazon-clone\\functions\\node_modules\\stripe\\lib\\Error.js:40:16)","metadata":{"emulator":{"name":"functions"},"function":{"name":"us-central1-api"},"message":"\u001b[90m> \u001b[39m     at Function.generate (C:\\Users\\Raghvendra Mishra\\Desktop\\Amazon Clone\\amazon-clone\\functions\\node_modules\\stripe\\lib\\Error.js:40:16)"}}
[info] >      at IncomingMessage.<anonymous> (C:\Users\Raghvendra Mishra\Desktop\Amazon Clone\amazon-clone\functions\node_modules\stripe\lib\StripeResource.js:203:33) {"user":"    at IncomingMessage.<anonymous> (C:\\Users\\Raghvendra Mishra\\Desktop\\Amazon Clone\\amazon-clone\\functions\\node_modules\\stripe\\lib\\StripeResource.js:203:33)","metadata":{"emulator":{"name":"functions"},"function":{"name":"us-central1-api"},"message":"\u001b[90m> \u001b[39m     at IncomingMessage.<anonymous> (C:\\Users\\Raghvendra Mishra\\Desktop\\Amazon Clone\\amazon-clone\\functions\\node_modules\\stripe\\lib\\StripeResource.js:203:33)"}}
[info] >      at Object.onceWrapper (events.js:482:28) {"user":"    at Object.onceWrapper (events.js:482:28)","metadata":{"emulator":{"name":"functions"},"function":{"name":"us-central1-api"},"message":"\u001b[90m> \u001b[39m     at Object.onceWrapper (events.js:482:28)"}}
[info] >      at IncomingMessage.emit (events.js:388:22) {"user":"    at IncomingMessage.emit (events.js:388:22)","metadata":{"emulator":{"name":"functions"},"function":{"name":"us-central1-api"},"message":"\u001b[90m> \u001b[39m     at IncomingMessage.emit (events.js:388:22)"}}
[info] >      at endReadableNT (internal/streams/readable.js:1336:12) {"user":"    at endReadableNT (internal/streams/readable.js:1336:12)","metadata":{"emulator":{"name":"functions"},"function":{"name":"us-central1-api"},"message":"\u001b[90m> \u001b[39m     at endReadableNT (internal/streams/readable.js:1336:12)"}}
[info] >      at processTicksAndRejections (internal/process/task_queues.js:82:21) {"user":"    at processTicksAndRejections (internal/process/task_queues.js:82:21)","metadata":{"emulator":{"name":"functions"},"function":{"name":"us-central1-api"},"message":"\u001b[90m> \u001b[39m     at processTicksAndRejections (internal/process/task_queues.js:82:21)"}}
[info] >  (Use `node --trace-warnings ...` to show where the warning was created) {"user":"(Use `node --trace-warnings ...` to show where the warning was created)","metadata":{"emulator":{"name":"functions"},"function":{"name":"us-central1-api"},"message":"\u001b[90m> \u001b[39m (Use `node --trace-warnings ...` to show where the warning was created)"}}
[info] >  (node:2344) UnhandledPromiseRejectionWarning: Unhandled promise rejection. This error originated either by throwing inside of an async function without a catch block, or by rejecting a promise which was not handled with .catch(). To terminate the node process on unhandled promise rejection, use the CLI flag `--unhandled-rejections=strict` (see https://nodejs.org/api/cli.html#cli_unhandled_rejections_mode). (rejection id: 1) {"user":"(node:2344) UnhandledPromiseRejectionWarning: Unhandled promise rejection. This error originated either by throwing inside of an async function without a catch block, or by rejecting a promise which was not handled with .catch(). To terminate the node process on unhandled promise rejection, use the CLI flag `--unhandled-rejections=strict` (see https://nodejs.org/api/cli.html#cli_unhandled_rejections_mode). (rejection id: 1)","metadata":{"emulator":{"name":"functions"},"function":{"name":"us-central1-api"},"message":"\u001b[90m> \u001b[39m (node:2344) UnhandledPromiseRejectionWarning: Unhandled promise rejection. This error originated either by throwing inside of an async function without a catch block, or by rejecting a promise which was not handled with .catch(). To terminate the node process on unhandled promise rejection, use the CLI flag `--unhandled-rejections=strict` (see https://nodejs.org/api/cli.html#cli_unhandled_rejections_mode). (rejection id: 1)"}}
[info] >  (node:2344) [DEP0018] DeprecationWarning: Unhandled promise rejections are deprecated. In the future, promise rejections that are not handled will terminate the Node.js process with a non-zero exit code. {"user":"(node:2344) [DEP0018] DeprecationWarning: Unhandled promise rejections are deprecated. In the future, promise rejections that are not handled will terminate the Node.js process with a non-zero exit code.","metadata":{"emulator":{"name":"functions"},"function":{"name":"us-central1-api"},"message":"\u001b[90m> \u001b[39m (node:2344) [DEP0018] DeprecationWarning: Unhandled promise rejections are deprecated. In the future, promise rejections that are not handled will terminate the Node.js process with a non-zero exit code."}}
[debug] [2021-07-22T11:05:24.803Z] [work-queue] {"queueLength":1,"workRunningCount":1}
[debug] [2021-07-22T11:05:24.803Z] [work-queue] {"queueLength":0,"workRunningCount":2}
[debug] [2021-07-22T11:05:24.804Z] Accepted request POST /challenge-16684/us-central1/api/payments/create?total=20487800 --> us-central1-api
[debug] [2021-07-22T11:05:24.814Z] [worker-pool] addWorker(us-central1-api) {"metadata":{"emulator":{"name":"functions"},"message":"[worker-pool] addWorker(us-central1-api)"}}
[debug] [2021-07-22T11:05:24.815Z] [worker-pool] Adding worker with key us-central1-api, total=2 {"metadata":{"emulator":{"name":"functions"},"message":"[worker-pool] Adding worker with key us-central1-api, total=2"}}
[debug] [2021-07-22T11:05:24.815Z] [worker-pool] submitWork(triggerId=us-central1-api) {"metadata":{"emulator":{"name":"functions"},"message":"[worker-pool] submitWork(triggerId=us-central1-api)"}}
[debug] [2021-07-22T11:05:24.816Z] [worker-us-central1-api-7b3d4628-d074-4d02-b713-5279a91b2f69]: Assigning socketPath: \\?\pipe\C:\Users\Raghvendra Mishra\Desktop\Amazon Clone\amazon-clone\functions\14524 {"metadata":{"emulator":{"name":"functions"},"message":"[worker-us-central1-api-7b3d4628-d074-4d02-b713-5279a91b2f69]: Assigning socketPath: \\\\?\\pipe\\C:\\Users\\Raghvendra Mishra\\Desktop\\Amazon Clone\\amazon-clone\\functions\\14524"}}
[debug] [2021-07-22T11:05:24.816Z] [worker-us-central1-api-7b3d4628-d074-4d02-b713-5279a91b2f69]: BUSY {"metadata":{"emulator":{"name":"functions"},"message":"[worker-us-central1-api-7b3d4628-d074-4d02-b713-5279a91b2f69]: BUSY"}}
[debug] [2021-07-22T11:05:25.144Z] [runtime-status] [14524] Functions runtime initialized. {"cwd":"C:\\Users\\Raghvendra Mishra\\Desktop\\Amazon Clone\\amazon-clone\\functions","node_version":"14.17.0"} {"metadata":{"emulator":{"name":"functions"},"function":{"name":"us-central1-api"},"message":"[runtime-status] [14524] Functions runtime initialized. {\"cwd\":\"C:\\\\Users\\\\Raghvendra Mishra\\\\Desktop\\\\Amazon Clone\\\\amazon-clone\\\\functions\",\"node_version\":\"14.17.0\"}"}}
[debug] [2021-07-22T11:05:25.147Z] [runtime-status] [14524] Disabled runtime features: undefined {"metadata":{"emulator":{"name":"functions"},"function":{"name":"us-central1-api"},"message":"[runtime-status] [14524] Disabled runtime features: undefined"}}
[debug] [2021-07-22T11:05:25.153Z] [runtime-status] [14524] Resolved module firebase-admin {"declared":true,"installed":true,"version":"9.11.0","resolution":"C:\\Users\\Raghvendra Mishra\\Desktop\\Amazon Clone\\amazon-clone\\functions\\node_modules\\firebase-admin\\lib\\index.js"} {"metadata":{"emulator":{"name":"functions"},"function":{"name":"us-central1-api"},"message":"[runtime-status] [14524] Resolved module firebase-admin {\"declared\":true,\"installed\":true,\"version\":\"9.11.0\",\"resolution\":\"C:\\\\Users\\\\Raghvendra Mishra\\\\Desktop\\\\Amazon Clone\\\\amazon-clone\\\\functions\\\\node_modules\\\\firebase-admin\\\\lib\\\\index.js\"}"}}
[debug] [2021-07-22T11:05:25.156Z] [runtime-status] [14524] Resolved module firebase-functions {"declared":true,"installed":true,"version":"3.14.1","resolution":"C:\\Users\\Raghvendra Mishra\\Desktop\\Amazon Clone\\amazon-clone\\functions\\node_modules\\firebase-functions\\lib\\index.js"} {"metadata":{"emulator":{"name":"functions"},"function":{"name":"us-central1-api"},"message":"[runtime-status] [14524] Resolved module firebase-functions {\"declared\":true,\"installed\":true,\"version\":\"3.14.1\",\"resolution\":\"C:\\\\Users\\\\Raghvendra Mishra\\\\Desktop\\\\Amazon Clone\\\\amazon-clone\\\\functions\\\\node_modules\\\\firebase-functions\\\\lib\\\\index.js\"}"}}
[debug] [2021-07-22T11:05:25.159Z] [runtime-status] [14524] Resolved module firebase-functions {"declared":true,"installed":true,"version":"3.14.1","resolution":"C:\\Users\\Raghvendra Mishra\\Desktop\\Amazon Clone\\amazon-clone\\functions\\node_modules\\firebase-functions\\lib\\index.js"} {"metadata":{"emulator":{"name":"functions"},"function":{"name":"us-central1-api"},"message":"[runtime-status] [14524] Resolved module firebase-functions {\"declared\":true,\"installed\":true,\"version\":\"3.14.1\",\"resolution\":\"C:\\\\Users\\\\Raghvendra Mishra\\\\Desktop\\\\Amazon Clone\\\\amazon-clone\\\\functions\\\\node_modules\\\\firebase-functions\\\\lib\\\\index.js\"}"}}
[debug] [2021-07-22T11:05:25.163Z] [runtime-status] [14524] Outgoing network have been stubbed. [{"name":"http","status":"mocked"},{"name":"http","status":"mocked"},{"name":"https","status":"mocked"},{"name":"https","status":"mocked"},{"name":"net","status":"mocked"}] {"metadata":{"emulator":{"name":"functions"},"function":{"name":"us-central1-api"},"message":"[runtime-status] [14524] Outgoing network have been stubbed. [{\"name\":\"http\",\"status\":\"mocked\"},{\"name\":\"http\",\"status\":\"mocked\"},{\"name\":\"https\",\"status\":\"mocked\"},{\"name\":\"https\",\"status\":\"mocked\"},{\"name\":\"net\",\"status\":\"mocked\"}]"}}
[debug] [2021-07-22T11:05:25.164Z] [runtime-status] [14524] Resolved module firebase-functions {"declared":true,"installed":true,"version":"3.14.1","resolution":"C:\\Users\\Raghvendra Mishra\\Desktop\\Amazon Clone\\amazon-clone\\functions\\node_modules\\firebase-functions\\lib\\index.js"} {"metadata":{"emulator":{"name":"functions"},"function":{"name":"us-central1-api"},"message":"[runtime-status] [14524] Resolved module firebase-functions {\"declared\":true,\"installed\":true,\"version\":\"3.14.1\",\"resolution\":\"C:\\\\Users\\\\Raghvendra Mishra\\\\Desktop\\\\Amazon Clone\\\\amazon-clone\\\\functions\\\\node_modules\\\\firebase-functions\\\\lib\\\\index.js\"}"}}
[debug] [2021-07-22T11:05:25.246Z] [runtime-status] [14524] Checked functions.config() {"config":{}} {"metadata":{"emulator":{"name":"functions"},"function":{"name":"us-central1-api"},"message":"[runtime-status] [14524] Checked functions.config() {\"config\":{}}"}}
[debug] [2021-07-22T11:05:25.247Z] [runtime-status] [14524] firebase-functions has been stubbed. {"functionsResolution":{"declared":true,"installed":true,"version":"3.14.1","resolution":"C:\\Users\\Raghvendra Mishra\\Desktop\\Amazon Clone\\amazon-clone\\functions\\node_modules\\firebase-functions\\lib\\index.js"}} {"metadata":{"emulator":{"name":"functions"},"function":{"name":"us-central1-api"},"message":"[runtime-status] [14524] firebase-functions has been stubbed. {\"functionsResolution\":{\"declared\":true,\"installed\":true,\"version\":\"3.14.1\",\"resolution\":\"C:\\\\Users\\\\Raghvendra Mishra\\\\Desktop\\\\Amazon Clone\\\\amazon-clone\\\\functions\\\\node_modules\\\\firebase-functions\\\\lib\\\\index.js\"}}"}}
[debug] [2021-07-22T11:05:25.248Z] [runtime-status] [14524] Resolved module firebase-functions {"declared":true,"installed":true,"version":"3.14.1","resolution":"C:\\Users\\Raghvendra Mishra\\Desktop\\Amazon Clone\\amazon-clone\\functions\\node_modules\\firebase-functions\\lib\\index.js"} {"metadata":{"emulator":{"name":"functions"},"function":{"name":"us-central1-api"},"message":"[runtime-status] [14524] Resolved module firebase-functions {\"declared\":true,\"installed\":true,\"version\":\"3.14.1\",\"resolution\":\"C:\\\\Users\\\\Raghvendra Mishra\\\\Desktop\\\\Amazon Clone\\\\amazon-clone\\\\functions\\\\node_modules\\\\firebase-functions\\\\lib\\\\index.js\"}"}}
[debug] [2021-07-22T11:05:25.249Z] [runtime-status] [14524] Resolved module firebase-admin {"declared":true,"installed":true,"version":"9.11.0","resolution":"C:\\Users\\Raghvendra Mishra\\Desktop\\Amazon Clone\\amazon-clone\\functions\\node_modules\\firebase-admin\\lib\\index.js"} {"metadata":{"emulator":{"name":"functions"},"function":{"name":"us-central1-api"},"message":"[runtime-status] [14524] Resolved module firebase-admin {\"declared\":true,\"installed\":true,\"version\":\"9.11.0\",\"resolution\":\"C:\\\\Users\\\\Raghvendra Mishra\\\\Desktop\\\\Amazon Clone\\\\amazon-clone\\\\functions\\\\node_modules\\\\firebase-admin\\\\lib\\\\index.js\"}"}}
[debug] [2021-07-22T11:05:25.249Z] [runtime-status] [14524] Resolved module firebase-functions {"declared":true,"installed":true,"version":"3.14.1","resolution":"C:\\Users\\Raghvendra Mishra\\Desktop\\Amazon Clone\\amazon-clone\\functions\\node_modules\\firebase-functions\\lib\\index.js"} {"metadata":{"emulator":{"name":"functions"},"function":{"name":"us-central1-api"},"message":"[runtime-status] [14524] Resolved module firebase-functions {\"declared\":true,\"installed\":true,\"version\":\"3.14.1\",\"resolution\":\"C:\\\\Users\\\\Raghvendra Mishra\\\\Desktop\\\\Amazon Clone\\\\amazon-clone\\\\functions\\\\node_modules\\\\firebase-functions\\\\lib\\\\index.js\"}"}}
[debug] [2021-07-22T11:05:25.250Z] [runtime-status] [14524] firebase-admin has been stubbed. {"adminResolution":{"declared":true,"installed":true,"version":"9.11.0","resolution":"C:\\Users\\Raghvendra Mishra\\Desktop\\Amazon Clone\\amazon-clone\\functions\\node_modules\\firebase-admin\\lib\\index.js"}} {"metadata":{"emulator":{"name":"functions"},"function":{"name":"us-central1-api"},"message":"[runtime-status] [14524] firebase-admin has been stubbed. {\"adminResolution\":{\"declared\":true,\"installed\":true,\"version\":\"9.11.0\",\"resolution\":\"C:\\\\Users\\\\Raghvendra Mishra\\\\Desktop\\\\Amazon Clone\\\\amazon-clone\\\\functions\\\\node_modules\\\\firebase-admin\\\\lib\\\\index.js\"}}"}}
[debug] [2021-07-22T11:05:25.467Z] [runtime-status] [14524] Trigger "us-central1-api" has been found, beginning invocation! {"metadata":{"emulator":{"name":"functions"},"function":{"name":"us-central1-api"},"message":"[runtime-status] [14524] Trigger \"us-central1-api\" has been found, beginning invocation!"}}
[info] i  functions: Beginning execution of "us-central1-api" {"metadata":{"emulator":{"name":"functions"},"function":{"name":"us-central1-api"},"message":"Beginning execution of \"us-central1-api\""}}
[debug] [2021-07-22T11:05:25.469Z] [runtime-status] [14524] triggerDefinition {"httpsTrigger":{},"name":"api","entryPoint":"api","regions":["us-central1"],"region":"us-central1","id":"us-central1-api"} {"metadata":{"emulator":{"name":"functions"},"function":{"name":"us-central1-api"},"message":"[runtime-status] [14524] triggerDefinition {\"httpsTrigger\":{},\"name\":\"api\",\"entryPoint\":\"api\",\"regions\":[\"us-central1\"],\"region\":\"us-central1\",\"id\":\"us-central1-api\"}"}}
[debug] [2021-07-22T11:05:25.469Z] [runtime-status] [14524] Running us-central1-api in mode HTTPS {"metadata":{"emulator":{"name":"functions"},"function":{"name":"us-central1-api"},"message":"[runtime-status] [14524] Running us-central1-api in mode HTTPS"}}
[debug] [2021-07-22T11:05:25.474Z] [runtime-status] [14524] Attempting to listen to socketPath: \\?\pipe\C:\Users\Raghvendra Mishra\Desktop\Amazon Clone\amazon-clone\functions\14524 {"metadata":{"emulator":{"name":"functions"},"function":{"name":"us-central1-api"},"message":"[runtime-status] [14524] Attempting to listen to socketPath: \\\\?\\pipe\\C:\\Users\\Raghvendra Mishra\\Desktop\\Amazon Clone\\amazon-clone\\functions\\14524"}}
[debug] [2021-07-22T11:05:25.478Z] [functions] Runtime ready! Sending request! {"metadata":{"emulator":{"name":"functions"},"message":"[functions] Runtime ready! Sending request!"}}
[debug] [2021-07-22T11:05:25.478Z] [functions] Got req.url=/challenge-16684/us-central1/api/payments/create?total=20487800, mapping to path=/payments/create?total=20487800 {"metadata":{"emulator":{"name":"functions"},"message":"[functions] Got req.url=/challenge-16684/us-central1/api/payments/create?total=20487800, mapping to path=/payments/create?total=20487800"}}
[debug] [2021-07-22T11:05:25.487Z] [runtime-status] [14524] Ephemeral server handling POST request {"metadata":{"emulator":{"name":"functions"},"function":{"name":"us-central1-api"},"message":"[runtime-status] [14524] Ephemeral server handling POST request"}}
[info] >  Payment Request Received... 20487800 {"user":"Payment Request Received... 20487800","metadata":{"emulator":{"name":"functions"},"function":{"name":"us-central1-api"},"message":"\u001b[90m> \u001b[39m Payment Request Received... 20487800"}}
[debug] [2021-07-22T11:05:25.503Z] [runtime-status] [14524] Ephemeral server survived. {"metadata":{"emulator":{"name":"functions"},"function":{"name":"us-central1-api"},"message":"[runtime-status] [14524] Ephemeral server survived."}}
[info] i  functions: Finished "us-central1-api" in ~1s {"metadata":{"emulator":{"name":"functions"},"function":{"name":"us-central1-api"},"message":"Finished \"us-central1-api\" in ~1s"}}
[debug] [2021-07-22T11:05:26.471Z] [worker-us-central1-api-7b3d4628-d074-4d02-b713-5279a91b2f69]: IDLE {"metadata":{"emulator":{"name":"functions"},"message":"[worker-us-central1-api-7b3d4628-d074-4d02-b713-5279a91b2f69]: IDLE"}}
[debug] [2021-07-22T11:05:26.472Z] [work-queue] {"queueLength":0,"workRunningCount":1}
[debug] [2021-07-22T11:05:46.650Z] [work-queue] {"queueLength":1,"workRunningCount":1}
[debug] [2021-07-22T11:05:46.651Z] [work-queue] {"queueLength":0,"workRunningCount":2}
[debug] [2021-07-22T11:05:46.651Z] Accepted request POST /challenge-16684/us-central1/api/payments/create?total=20487800 --> us-central1-api
[debug] [2021-07-22T11:05:46.651Z] [worker-pool] submitWork(triggerId=us-central1-api) {"metadata":{"emulator":{"name":"functions"},"message":"[worker-pool] submitWork(triggerId=us-central1-api)"}}
[debug] [2021-07-22T11:05:46.653Z] [worker-us-central1-api-7b3d4628-d074-4d02-b713-5279a91b2f69]: Assigning socketPath: \\?\pipe\C:\Users\Raghvendra Mishra\Desktop\Amazon Clone\amazon-clone\functions\14524 {"metadata":{"emulator":{"name":"functions"},"message":"[worker-us-central1-api-7b3d4628-d074-4d02-b713-5279a91b2f69]: Assigning socketPath: \\\\?\\pipe\\C:\\Users\\Raghvendra Mishra\\Desktop\\Amazon Clone\\amazon-clone\\functions\\14524"}}
[debug] [2021-07-22T11:05:46.654Z] [worker-us-central1-api-7b3d4628-d074-4d02-b713-5279a91b2f69]: BUSY {"metadata":{"emulator":{"name":"functions"},"message":"[worker-us-central1-api-7b3d4628-d074-4d02-b713-5279a91b2f69]: BUSY"}}
[debug] [2021-07-22T11:05:46.655Z] [runtime-status] [14524] Trigger "us-central1-api" has been found, beginning invocation! {"metadata":{"emulator":{"name":"functions"},"function":{"name":"us-central1-api"},"message":"[runtime-status] [14524] Trigger \"us-central1-api\" has been found, beginning invocation!"}}
[info] i  functions: Beginning execution of "us-central1-api" {"metadata":{"emulator":{"name":"functions"},"function":{"name":"us-central1-api"},"message":"Beginning execution of \"us-central1-api\""}}
[debug] [2021-07-22T11:05:46.657Z] [runtime-status] [14524] triggerDefinition {"httpsTrigger":{},"name":"api","entryPoint":"api","regions":["us-central1"],"region":"us-central1","id":"us-central1-api"} {"metadata":{"emulator":{"name":"functions"},"function":{"name":"us-central1-api"},"message":"[runtime-status] [14524] triggerDefinition {\"httpsTrigger\":{},\"name\":\"api\",\"entryPoint\":\"api\",\"regions\":[\"us-central1\"],\"region\":\"us-central1\",\"id\":\"us-central1-api\"}"}}
[debug] [2021-07-22T11:05:46.657Z] [runtime-status] [14524] Running us-central1-api in mode HTTPS {"metadata":{"emulator":{"name":"functions"},"function":{"name":"us-central1-api"},"message":"[runtime-status] [14524] Running us-central1-api in mode HTTPS"}}
[debug] [2021-07-22T11:05:46.658Z] [runtime-status] [14524] Attempting to listen to socketPath: \\?\pipe\C:\Users\Raghvendra Mishra\Desktop\Amazon Clone\amazon-clone\functions\14524 {"metadata":{"emulator":{"name":"functions"},"function":{"name":"us-central1-api"},"message":"[runtime-status] [14524] Attempting to listen to socketPath: \\\\?\\pipe\\C:\\Users\\Raghvendra Mishra\\Desktop\\Amazon Clone\\amazon-clone\\functions\\14524"}}
[debug] [2021-07-22T11:05:46.659Z] [functions] Runtime ready! Sending request! {"metadata":{"emulator":{"name":"functions"},"message":"[functions] Runtime ready! Sending request!"}}
[debug] [2021-07-22T11:05:46.660Z] [functions] Got req.url=/challenge-16684/us-central1/api/payments/create?total=20487800, mapping to path=/payments/create?total=20487800 {"metadata":{"emulator":{"name":"functions"},"message":"[functions] Got req.url=/challenge-16684/us-central1/api/payments/create?total=20487800, mapping to path=/payments/create?total=20487800"}}
[debug] [2021-07-22T11:05:46.665Z] [runtime-status] [14524] Ephemeral server handling POST request {"metadata":{"emulator":{"name":"functions"},"function":{"name":"us-central1-api"},"message":"[runtime-status] [14524] Ephemeral server handling POST request"}}
[info] >  Payment Request Received... 20487800 {"user":"Payment Request Received... 20487800","metadata":{"emulator":{"name":"functions"},"function":{"name":"us-central1-api"},"message":"\u001b[90m> \u001b[39m Payment Request Received... 20487800"}}
[debug] [2021-07-22T11:05:46.668Z] [runtime-status] [14524] Ephemeral server survived. {"metadata":{"emulator":{"name":"functions"},"function":{"name":"us-central1-api"},"message":"[runtime-status] [14524] Ephemeral server survived."}}
[info] i  functions: Finished "us-central1-api" in ~1s {"metadata":{"emulator":{"name":"functions"},"function":{"name":"us-central1-api"},"message":"Finished \"us-central1-api\" in ~1s"}}
[debug] [2021-07-22T11:05:47.089Z] [worker-us-central1-api-7b3d4628-d074-4d02-b713-5279a91b2f69]: IDLE {"metadata":{"emulator":{"name":"functions"},"message":"[worker-us-central1-api-7b3d4628-d074-4d02-b713-5279a91b2f69]: IDLE"}}
[debug] [2021-07-22T11:05:47.090Z] [work-queue] {"queueLength":0,"workRunningCount":1}
[debug] [2021-07-22T11:05:56.699Z] [work-queue] {"queueLength":1,"workRunningCount":1}
[debug] [2021-07-22T11:05:56.700Z] [work-queue] {"queueLength":0,"workRunningCount":2}
[debug] [2021-07-22T11:05:56.700Z] Accepted request POST /challenge-16684/us-central1/api/payments/create?total=0 --> us-central1-api
[debug] [2021-07-22T11:05:56.701Z] [worker-pool] submitWork(triggerId=us-central1-api) {"metadata":{"emulator":{"name":"functions"},"message":"[worker-pool] submitWork(triggerId=us-central1-api)"}}
[debug] [2021-07-22T11:05:56.701Z] [worker-us-central1-api-7b3d4628-d074-4d02-b713-5279a91b2f69]: Assigning socketPath: \\?\pipe\C:\Users\Raghvendra Mishra\Desktop\Amazon Clone\amazon-clone\functions\14524 {"metadata":{"emulator":{"name":"functions"},"message":"[worker-us-central1-api-7b3d4628-d074-4d02-b713-5279a91b2f69]: Assigning socketPath: \\\\?\\pipe\\C:\\Users\\Raghvendra Mishra\\Desktop\\Amazon Clone\\amazon-clone\\functions\\14524"}}
[debug] [2021-07-22T11:05:56.702Z] [worker-us-central1-api-7b3d4628-d074-4d02-b713-5279a91b2f69]: BUSY {"metadata":{"emulator":{"name":"functions"},"message":"[worker-us-central1-api-7b3d4628-d074-4d02-b713-5279a91b2f69]: BUSY"}}
[debug] [2021-07-22T11:05:56.704Z] [runtime-status] [14524] Trigger "us-central1-api" has been found, beginning invocation! {"metadata":{"emulator":{"name":"functions"},"function":{"name":"us-central1-api"},"message":"[runtime-status] [14524] Trigger \"us-central1-api\" has been found, beginning invocation!"}}
[info] i  functions: Beginning execution of "us-central1-api" {"metadata":{"emulator":{"name":"functions"},"function":{"name":"us-central1-api"},"message":"Beginning execution of \"us-central1-api\""}}
[debug] [2021-07-22T11:05:56.708Z] [runtime-status] [14524] triggerDefinition {"httpsTrigger":{},"name":"api","entryPoint":"api","regions":["us-central1"],"region":"us-central1","id":"us-central1-api"} {"metadata":{"emulator":{"name":"functions"},"function":{"name":"us-central1-api"},"message":"[runtime-status] [14524] triggerDefinition {\"httpsTrigger\":{},\"name\":\"api\",\"entryPoint\":\"api\",\"regions\":[\"us-central1\"],\"region\":\"us-central1\",\"id\":\"us-central1-api\"}"}}
[debug] [2021-07-22T11:05:56.709Z] [runtime-status] [14524] Running us-central1-api in mode HTTPS {"metadata":{"emulator":{"name":"functions"},"function":{"name":"us-central1-api"},"message":"[runtime-status] [14524] Running us-central1-api in mode HTTPS"}}
[debug] [2021-07-22T11:05:56.710Z] [runtime-status] [14524] Attempting to listen to socketPath: \\?\pipe\C:\Users\Raghvendra Mishra\Desktop\Amazon Clone\amazon-clone\functions\14524 {"metadata":{"emulator":{"name":"functions"},"function":{"name":"us-central1-api"},"message":"[runtime-status] [14524] Attempting to listen to socketPath: \\\\?\\pipe\\C:\\Users\\Raghvendra Mishra\\Desktop\\Amazon Clone\\amazon-clone\\functions\\14524"}}
[debug] [2021-07-22T11:05:56.714Z] [functions] Runtime ready! Sending request! {"metadata":{"emulator":{"name":"functions"},"message":"[functions] Runtime ready! Sending request!"}}
[debug] [2021-07-22T11:05:56.715Z] [functions] Got req.url=/challenge-16684/us-central1/api/payments/create?total=0, mapping to path=/payments/create?total=0 {"metadata":{"emulator":{"name":"functions"},"message":"[functions] Got req.url=/challenge-16684/us-central1/api/payments/create?total=0, mapping to path=/payments/create?total=0"}}
[debug] [2021-07-22T11:05:56.724Z] [runtime-status] [14524] Ephemeral server handling POST request {"metadata":{"emulator":{"name":"functions"},"function":{"name":"us-central1-api"},"message":"[runtime-status] [14524] Ephemeral server handling POST request"}}
[info] >  Payment Request Received... 0 {"user":"Payment Request Received... 0","metadata":{"emulator":{"name":"functions"},"function":{"name":"us-central1-api"},"message":"\u001b[90m> \u001b[39m Payment Request Received... 0"}}
[debug] [2021-07-22T11:05:56.728Z] [runtime-status] [14524] Ephemeral server survived. {"metadata":{"emulator":{"name":"functions"},"function":{"name":"us-central1-api"},"message":"[runtime-status] [14524] Ephemeral server survived."}}
[info] >  (node:14524) UnhandledPromiseRejectionWarning: Error: This value must be greater than or equal to 1. {"user":"(node:14524) UnhandledPromiseRejectionWarning: Error: This value must be greater than or equal to 1.","metadata":{"emulator":{"name":"functions"},"function":{"name":"us-central1-api"},"message":"\u001b[90m> \u001b[39m (node:14524) UnhandledPromiseRejectionWarning: Error: This value must be greater than or equal to 1."}}
[info] >      at Function.generate (C:\Users\Raghvendra Mishra\Desktop\Amazon Clone\amazon-clone\functions\node_modules\stripe\lib\Error.js:40:16) {"user":"    at Function.generate (C:\\Users\\Raghvendra Mishra\\Desktop\\Amazon Clone\\amazon-clone\\functions\\node_modules\\stripe\\lib\\Error.js:40:16)","metadata":{"emulator":{"name":"functions"},"function":{"name":"us-central1-api"},"message":"\u001b[90m> \u001b[39m     at Function.generate (C:\\Users\\Raghvendra Mishra\\Desktop\\Amazon Clone\\amazon-clone\\functions\\node_modules\\stripe\\lib\\Error.js:40:16)"}}
[info] >      at IncomingMessage.<anonymous> (C:\Users\Raghvendra Mishra\Desktop\Amazon Clone\amazon-clone\functions\node_modules\stripe\lib\StripeResource.js:203:33) {"user":"    at IncomingMessage.<anonymous> (C:\\Users\\Raghvendra Mishra\\Desktop\\Amazon Clone\\amazon-clone\\functions\\node_modules\\stripe\\lib\\StripeResource.js:203:33)","metadata":{"emulator":{"name":"functions"},"function":{"name":"us-central1-api"},"message":"\u001b[90m> \u001b[39m     at IncomingMessage.<anonymous> (C:\\Users\\Raghvendra Mishra\\Desktop\\Amazon Clone\\amazon-clone\\functions\\node_modules\\stripe\\lib\\StripeResource.js:203:33)"}}
[info] >      at Object.onceWrapper (events.js:482:28) {"user":"    at Object.onceWrapper (events.js:482:28)","metadata":{"emulator":{"name":"functions"},"function":{"name":"us-central1-api"},"message":"\u001b[90m> \u001b[39m     at Object.onceWrapper (events.js:482:28)"}}
[info] >      at IncomingMessage.emit (events.js:388:22) {"user":"    at IncomingMessage.emit (events.js:388:22)","metadata":{"emulator":{"name":"functions"},"function":{"name":"us-central1-api"},"message":"\u001b[90m> \u001b[39m     at IncomingMessage.emit (events.js:388:22)"}}
[info] >      at endReadableNT (internal/streams/readable.js:1336:12) {"user":"    at endReadableNT (internal/streams/readable.js:1336:12)","metadata":{"emulator":{"name":"functions"},"function":{"name":"us-central1-api"},"message":"\u001b[90m> \u001b[39m     at endReadableNT (internal/streams/readable.js:1336:12)"}}
[info] >      at processTicksAndRejections (internal/process/task_queues.js:82:21) {"user":"    at processTicksAndRejections (internal/process/task_queues.js:82:21)","metadata":{"emulator":{"name":"functions"},"function":{"name":"us-central1-api"},"message":"\u001b[90m> \u001b[39m     at processTicksAndRejections (internal/process/task_queues.js:82:21)"}}
[info] >  (Use `node --trace-warnings ...` to show where the warning was created) {"user":"(Use `node --trace-warnings ...` to show where the warning was created)","metadata":{"emulator":{"name":"functions"},"function":{"name":"us-central1-api"},"message":"\u001b[90m> \u001b[39m (Use `node --trace-warnings ...` to show where the warning was created)"}}
[info] >  (node:14524) UnhandledPromiseRejectionWarning: Unhandled promise rejection. This error originated either by throwing inside of an async function without a catch block, or by rejecting a promise which was not handled with .catch(). To terminate the node process on unhandled promise rejection, use the CLI flag `--unhandled-rejections=strict` (see https://nodejs.org/api/cli.html#cli_unhandled_rejections_mode). (rejection id: 1) {"user":"(node:14524) UnhandledPromiseRejectionWarning: Unhandled promise rejection. This error originated either by throwing inside of an async function without a catch block, or by rejecting a promise which was not handled with .catch(). To terminate the node process on unhandled promise rejection, use the CLI flag `--unhandled-rejections=strict` (see https://nodejs.org/api/cli.html#cli_unhandled_rejections_mode). (rejection id: 1)","metadata":{"emulator":{"name":"functions"},"function":{"name":"us-central1-api"},"message":"\u001b[90m> \u001b[39m (node:14524) UnhandledPromiseRejectionWarning: Unhandled promise rejection. This error originated either by throwing inside of an async function without a catch block, or by rejecting a promise which was not handled with .catch(). To terminate the node process on unhandled promise rejection, use the CLI flag `--unhandled-rejections=strict` (see https://nodejs.org/api/cli.html#cli_unhandled_rejections_mode). (rejection id: 1)"}}
[info] >  (node:14524) [DEP0018] DeprecationWarning: Unhandled promise rejections are deprecated. In the future, promise rejections that are not handled will terminate the Node.js process with a non-zero exit code. {"user":"(node:14524) [DEP0018] DeprecationWarning: Unhandled promise rejections are deprecated. In the future, promise rejections that are not handled will terminate the Node.js process with a non-zero exit code.","metadata":{"emulator":{"name":"functions"},"function":{"name":"us-central1-api"},"message":"\u001b[90m> \u001b[39m (node:14524) [DEP0018] DeprecationWarning: Unhandled promise rejections are deprecated. In the future, promise rejections that are not handled will terminate the Node.js process with a non-zero exit code."}}
[warn] !  functions: Your function timed out after ~60s. To configure this timeout, see
      https://firebase.google.com/docs/functions/manage-functions#set_timeout_and_memory_allocation. {"metadata":{"emulator":{"name":"functions"},"function":{"name":"us-central1-api"},"message":"Your function timed out after ~60s. To configure this timeout, see\n      https://firebase.google.com/docs/functions/manage-functions#set_timeout_and_memory_allocation."}}
[info] >  C:\Users\Raghvendra Mishra\AppData\Roaming\npm\node_modules\firebase-tools\lib\emulator\functionsEmulatorRuntime.js:651 {"user":"C:\\Users\\Raghvendra Mishra\\AppData\\Roaming\\npm\\node_modules\\firebase-tools\\lib\\emulator\\functionsEmulatorRuntime.js:651\r","metadata":{"emulator":{"name":"functions"},"function":{"name":"us-central1-api"},"message":"\u001b[90m> \u001b[39m C:\\Users\\Raghvendra Mishra\\AppData\\Roaming\\npm\\node_modules\\firebase-tools\\lib\\emulator\\functionsEmulatorRuntime.js:651\r"}}
[info] >              throw new Error("Function timed out."); {"user":"            throw new Error(\"Function timed out.\");\r","metadata":{"emulator":{"name":"functions"},"function":{"name":"us-central1-api"},"message":"\u001b[90m> \u001b[39m             throw new Error(\"Function timed out.\");\r"}}
[info] >              ^ {"user":"            ^\r","metadata":{"emulator":{"name":"functions"},"function":{"name":"us-central1-api"},"message":"\u001b[90m> \u001b[39m             ^\r"}}
[info] >   {"user":"\r","metadata":{"emulator":{"name":"functions"},"function":{"name":"us-central1-api"},"message":"\u001b[90m> \u001b[39m \r"}}
[info] >  Error: Function timed out. {"user":"Error: Function timed out.\r","metadata":{"emulator":{"name":"functions"},"function":{"name":"us-central1-api"},"message":"\u001b[90m> \u001b[39m Error: Function timed out.\r"}}
[info] >      at Timeout._onTimeout (C:\Users\Raghvendra Mishra\AppData\Roaming\npm\node_modules\firebase-tools\lib\emulator\functionsEmulatorRuntime.js:651:19) {"user":"    at Timeout._onTimeout (C:\\Users\\Raghvendra Mishra\\AppData\\Roaming\\npm\\node_modules\\firebase-tools\\lib\\emulator\\functionsEmulatorRuntime.js:651:19)\r","metadata":{"emulator":{"name":"functions"},"function":{"name":"us-central1-api"},"message":"\u001b[90m> \u001b[39m     at Timeout._onTimeout (C:\\Users\\Raghvendra Mishra\\AppData\\Roaming\\npm\\node_modules\\firebase-tools\\lib\\emulator\\functionsEmulatorRuntime.js:651:19)\r"}}
[info] >      at listOnTimeout (internal/timers.js:555:17) {"user":"    at listOnTimeout (internal/timers.js:555:17)\r","metadata":{"emulator":{"name":"functions"},"function":{"name":"us-central1-api"},"message":"\u001b[90m> \u001b[39m     at listOnTimeout (internal/timers.js:555:17)\r"}}
[info] >      at processTimers (internal/timers.js:498:7) {"user":"    at processTimers (internal/timers.js:498:7)\r","metadata":{"emulator":{"name":"functions"},"function":{"name":"us-central1-api"},"message":"\u001b[90m> \u001b[39m     at processTimers (internal/timers.js:498:7)\r"}}
[debug] [2021-07-22T11:06:02.007Z] [worker-us-central1-api-4ed4d8e2-7b41-4485-b4b7-be7b19a2939a]: exited {"metadata":{"emulator":{"name":"functions"},"message":"[worker-us-central1-api-4ed4d8e2-7b41-4485-b4b7-be7b19a2939a]: exited"}}
[debug] [2021-07-22T11:06:02.008Z] [worker-us-central1-api-4ed4d8e2-7b41-4485-b4b7-be7b19a2939a]: FINISHED {"metadata":{"emulator":{"name":"functions"},"message":"[worker-us-central1-api-4ed4d8e2-7b41-4485-b4b7-be7b19a2939a]: FINISHED"}}
[debug] [2021-07-22T11:06:02.009Z] [work-queue] {"queueLength":0,"workRunningCount":1}
[debug] [2021-07-22T11:06:46.203Z] Received signal SIGHUP 1
